[2014-09-09 15:50:21,662]  INFO {org.wso2.carbon.automation.core.PlatformExecutionManager:65} -  ---------------Test Execution Started --------------------------
[2014-09-09 15:50:21,670]  INFO {org.wso2.carbon.automation.core.ServerGroupManager:78} -  Carbon zip file - /Users/ananthaneshan/ESBConnectors/org.wso2.carbon.connector/repository/wso2esb-4.8.1.zip
[2014-09-09 15:50:21,676] ERROR {org.wso2.carbon.automation.core.utils.fileutils.ArchiveExtractor:84} -  Error on archive extraction 
java.io.FileNotFoundException: /Users/ananthaneshan/ESBConnectors/org.wso2.carbon.connector/repository/wso2esb-4.8.1.zip (No such file or directory)
	at java.io.FileInputStream.open(Native Method)
	at java.io.FileInputStream.<init>(FileInputStream.java:120)
	at java.io.FileInputStream.<init>(FileInputStream.java:79)
	at org.wso2.carbon.automation.core.utils.fileutils.ArchiveExtractor.extractFile(ArchiveExtractor.java:43)
	at org.wso2.carbon.automation.core.utils.serverutils.ServerUtils.setUpCarbonHome(ServerUtils.java:177)
	at org.wso2.carbon.automation.core.ServerGroupManager.startServer(ServerGroupManager.java:84)
	at org.wso2.carbon.automation.core.ServerGroupManager.startServersForBuilder(ServerGroupManager.java:98)
	at org.wso2.carbon.automation.core.PlatformExecutionManager.startSevers(PlatformExecutionManager.java:187)
	at org.wso2.carbon.automation.core.PlatformExecutionManager.onExecutionStart(PlatformExecutionManager.java:76)
	at org.testng.TestNG.runExecutionListeners(TestNG.java:1032)
	at org.testng.TestNG.run(TestNG.java:983)
	at org.apache.maven.surefire.testng.TestNGExecutor.run(TestNGExecutor.java:178)
	at org.apache.maven.surefire.testng.TestNGXmlTestSuite.execute(TestNGXmlTestSuite.java:92)
	at org.apache.maven.surefire.testng.TestNGProvider.invoke(TestNGProvider.java:96)
	at sun.reflect.NativeMethodAccessorImpl.invoke0(Native Method)
	at sun.reflect.NativeMethodAccessorImpl.invoke(NativeMethodAccessorImpl.java:39)
	at sun.reflect.DelegatingMethodAccessorImpl.invoke(DelegatingMethodAccessorImpl.java:25)
	at java.lang.reflect.Method.invoke(Method.java:597)
	at org.apache.maven.surefire.util.ReflectionUtils.invokeMethodWithArray(ReflectionUtils.java:189)
	at org.apache.maven.surefire.booter.ProviderFactory$ProviderProxy.invoke(ProviderFactory.java:165)
	at org.apache.maven.surefire.booter.ProviderFactory.invokeProvider(ProviderFactory.java:85)
	at org.apache.maven.surefire.booter.ForkedBooter.runSuitesInProcess(ForkedBooter.java:115)
	at org.apache.maven.surefire.booter.ForkedBooter.main(ForkedBooter.java:75)
[2014-09-09 15:50:21,678] ERROR {org.wso2.carbon.automation.core.PlatformExecutionManager:193} -  Unable to start servers 
java.io.IOException: Error on archive extraction 
	at org.wso2.carbon.automation.core.utils.fileutils.ArchiveExtractor.extractFile(ArchiveExtractor.java:85)
	at org.wso2.carbon.automation.core.utils.serverutils.ServerUtils.setUpCarbonHome(ServerUtils.java:177)
	at org.wso2.carbon.automation.core.ServerGroupManager.startServer(ServerGroupManager.java:84)
	at org.wso2.carbon.automation.core.ServerGroupManager.startServersForBuilder(ServerGroupManager.java:98)
	at org.wso2.carbon.automation.core.PlatformExecutionManager.startSevers(PlatformExecutionManager.java:187)
	at org.wso2.carbon.automation.core.PlatformExecutionManager.onExecutionStart(PlatformExecutionManager.java:76)
	at org.testng.TestNG.runExecutionListeners(TestNG.java:1032)
	at org.testng.TestNG.run(TestNG.java:983)
	at org.apache.maven.surefire.testng.TestNGExecutor.run(TestNGExecutor.java:178)
	at org.apache.maven.surefire.testng.TestNGXmlTestSuite.execute(TestNGXmlTestSuite.java:92)
	at org.apache.maven.surefire.testng.TestNGProvider.invoke(TestNGProvider.java:96)
	at sun.reflect.NativeMethodAccessorImpl.invoke0(Native Method)
	at sun.reflect.NativeMethodAccessorImpl.invoke(NativeMethodAccessorImpl.java:39)
	at sun.reflect.DelegatingMethodAccessorImpl.invoke(DelegatingMethodAccessorImpl.java:25)
	at java.lang.reflect.Method.invoke(Method.java:597)
	at org.apache.maven.surefire.util.ReflectionUtils.invokeMethodWithArray(ReflectionUtils.java:189)
	at org.apache.maven.surefire.booter.ProviderFactory$ProviderProxy.invoke(ProviderFactory.java:165)
	at org.apache.maven.surefire.booter.ProviderFactory.invokeProvider(ProviderFactory.java:85)
	at org.apache.maven.surefire.booter.ForkedBooter.runSuitesInProcess(ForkedBooter.java:115)
	at org.apache.maven.surefire.booter.ForkedBooter.main(ForkedBooter.java:75)
Caused by: java.io.FileNotFoundException: /Users/ananthaneshan/ESBConnectors/org.wso2.carbon.connector/repository/wso2esb-4.8.1.zip (No such file or directory)
	at java.io.FileInputStream.open(Native Method)
	at java.io.FileInputStream.<init>(FileInputStream.java:120)
	at java.io.FileInputStream.<init>(FileInputStream.java:79)
	at org.wso2.carbon.automation.core.utils.fileutils.ArchiveExtractor.extractFile(ArchiveExtractor.java:43)
	... 19 more
[2014-09-09 15:50:21,750]  INFO {org.wso2.carbon.automation.core.PlatformSuiteManager:76} -  **********Starting executing test Suite ESBTestSuite on user***********
[2014-09-09 15:50:21,753]  INFO {org.wso2.carbon.automation.core.UserPopulator:61} -  Populating Users....
[2014-09-09 15:50:22,640]  INFO {org.wso2.carbon.automation.api.clients.authenticators.AuthenticatorClient:64} -  Login Successful
[2014-09-09 15:50:22,723]  INFO {org.wso2.carbon.automation.core.UserPopulator:97} -  Populate user to ESB server
[2014-09-09 15:50:22,804]  INFO {org.wso2.carbon.automation.api.clients.authenticators.AuthenticatorClient:64} -  Login Successful
[2014-09-09 15:50:22,984]  INFO {org.wso2.carbon.automation.api.clients.user.mgt.UserManagementClient:216} -  Role name testRole already exists
[2014-09-09 15:50:23,013]  INFO {org.wso2.carbon.automation.api.clients.user.mgt.UserManagementClient:266} -  User name adminuser already exists
[2014-09-09 15:50:23,035]  INFO {org.wso2.carbon.automation.api.clients.user.mgt.UserManagementClient:266} -  User name testuser2 already exists
[2014-09-09 15:50:23,056]  INFO {org.wso2.carbon.automation.api.clients.user.mgt.UserManagementClient:266} -  User name testuser3 already exists
[2014-09-09 15:50:23,081]  INFO {org.wso2.carbon.automation.api.clients.user.mgt.UserManagementClient:266} -  User name testuser4 already exists
[2014-09-09 15:50:23,100]  INFO {org.wso2.carbon.automation.api.clients.user.mgt.UserManagementClient:266} -  User name testuser5 already exists
[2014-09-09 15:50:23,119]  INFO {org.wso2.carbon.automation.api.clients.user.mgt.UserManagementClient:266} -  User name testuser6 already exists
[2014-09-09 15:50:23,138]  INFO {org.wso2.carbon.automation.api.clients.user.mgt.UserManagementClient:266} -  User name testuser7 already exists
[2014-09-09 15:50:23,157]  INFO {org.wso2.carbon.automation.api.clients.user.mgt.UserManagementClient:266} -  User name testuser8 already exists
[2014-09-09 15:50:23,175]  INFO {org.wso2.carbon.automation.api.clients.user.mgt.UserManagementClient:266} -  User name testuser9 already exists
[2014-09-09 15:50:23,194]  INFO {org.wso2.carbon.automation.api.clients.user.mgt.UserManagementClient:266} -  User name testuser10 already exists
[2014-09-09 15:50:23,213]  INFO {org.wso2.carbon.automation.api.clients.user.mgt.UserManagementClient:266} -  User name testuser11 already exists
[2014-09-09 15:50:23,233]  INFO {org.wso2.carbon.automation.api.clients.user.mgt.UserManagementClient:266} -  User name testuser12 already exists
[2014-09-09 15:50:23,254]  INFO {org.wso2.carbon.automation.api.clients.user.mgt.UserManagementClient:266} -  User name testuser13 already exists
[2014-09-09 15:50:23,273]  INFO {org.wso2.carbon.automation.api.clients.user.mgt.UserManagementClient:266} -  User name testuser14 already exists
[2014-09-09 15:50:23,292]  INFO {org.wso2.carbon.automation.api.clients.user.mgt.UserManagementClient:266} -  User name testuser15 already exists
[2014-09-09 15:50:23,292]  INFO {org.wso2.carbon.automation.core.PlatformTestManager:102} -  --------------Start executing test class Meetup-Connector-Test on suiteESBTestSuite--------
[2014-09-09 15:50:23,357]  INFO {org.wso2.carbon.automation.core.PlatformTestManager:129} -  --------------Finishing executing test class Meetup-Connector-Test on suiteESBTestSuite--------
[2014-09-09 15:50:23,360]  INFO {org.wso2.carbon.automation.core.PlatformSuiteManager:134} -  ***********Finishing executing test Suite ESBTestSuite on user*******
[2014-09-09 15:50:23,360]  INFO {org.wso2.carbon.automation.core.PlatformExecutionManager:176} -  ---------------Test Execution Finished --------------------------
[2014-09-09 15:50:23,382]  INFO {org.wso2.carbon.automation.core.PlatformReportManager:44} -  ----/Users/ananthaneshan/ESBConnectors/org.wso2.carbon.connector/target/surefire-reports/ESBTestSuite---------
[2014-09-09 15:55:06,248]  INFO {org.wso2.carbon.automation.core.PlatformExecutionManager:65} -  ---------------Test Execution Started --------------------------
[2014-09-09 15:55:06,256]  INFO {org.wso2.carbon.automation.core.ServerGroupManager:78} -  Carbon zip file - /Users/ananthaneshan/ESBConnectors/org.wso2.carbon.connector/repository/wso2esb-4.8.1.zip
[2014-09-09 15:55:06,262] ERROR {org.wso2.carbon.automation.core.utils.fileutils.ArchiveExtractor:84} -  Error on archive extraction 
java.io.FileNotFoundException: /Users/ananthaneshan/ESBConnectors/org.wso2.carbon.connector/repository/wso2esb-4.8.1.zip (No such file or directory)
	at java.io.FileInputStream.open(Native Method)
	at java.io.FileInputStream.<init>(FileInputStream.java:120)
	at java.io.FileInputStream.<init>(FileInputStream.java:79)
	at org.wso2.carbon.automation.core.utils.fileutils.ArchiveExtractor.extractFile(ArchiveExtractor.java:43)
	at org.wso2.carbon.automation.core.utils.serverutils.ServerUtils.setUpCarbonHome(ServerUtils.java:177)
	at org.wso2.carbon.automation.core.ServerGroupManager.startServer(ServerGroupManager.java:84)
	at org.wso2.carbon.automation.core.ServerGroupManager.startServersForBuilder(ServerGroupManager.java:98)
	at org.wso2.carbon.automation.core.PlatformExecutionManager.startSevers(PlatformExecutionManager.java:187)
	at org.wso2.carbon.automation.core.PlatformExecutionManager.onExecutionStart(PlatformExecutionManager.java:76)
	at org.testng.TestNG.runExecutionListeners(TestNG.java:1032)
	at org.testng.TestNG.run(TestNG.java:983)
	at org.apache.maven.surefire.testng.TestNGExecutor.run(TestNGExecutor.java:178)
	at org.apache.maven.surefire.testng.TestNGXmlTestSuite.execute(TestNGXmlTestSuite.java:92)
	at org.apache.maven.surefire.testng.TestNGProvider.invoke(TestNGProvider.java:96)
	at sun.reflect.NativeMethodAccessorImpl.invoke0(Native Method)
	at sun.reflect.NativeMethodAccessorImpl.invoke(NativeMethodAccessorImpl.java:39)
	at sun.reflect.DelegatingMethodAccessorImpl.invoke(DelegatingMethodAccessorImpl.java:25)
	at java.lang.reflect.Method.invoke(Method.java:597)
	at org.apache.maven.surefire.util.ReflectionUtils.invokeMethodWithArray(ReflectionUtils.java:189)
	at org.apache.maven.surefire.booter.ProviderFactory$ProviderProxy.invoke(ProviderFactory.java:165)
	at org.apache.maven.surefire.booter.ProviderFactory.invokeProvider(ProviderFactory.java:85)
	at org.apache.maven.surefire.booter.ForkedBooter.runSuitesInProcess(ForkedBooter.java:115)
	at org.apache.maven.surefire.booter.ForkedBooter.main(ForkedBooter.java:75)
[2014-09-09 15:55:06,263] ERROR {org.wso2.carbon.automation.core.PlatformExecutionManager:193} -  Unable to start servers 
java.io.IOException: Error on archive extraction 
	at org.wso2.carbon.automation.core.utils.fileutils.ArchiveExtractor.extractFile(ArchiveExtractor.java:85)
	at org.wso2.carbon.automation.core.utils.serverutils.ServerUtils.setUpCarbonHome(ServerUtils.java:177)
	at org.wso2.carbon.automation.core.ServerGroupManager.startServer(ServerGroupManager.java:84)
	at org.wso2.carbon.automation.core.ServerGroupManager.startServersForBuilder(ServerGroupManager.java:98)
	at org.wso2.carbon.automation.core.PlatformExecutionManager.startSevers(PlatformExecutionManager.java:187)
	at org.wso2.carbon.automation.core.PlatformExecutionManager.onExecutionStart(PlatformExecutionManager.java:76)
	at org.testng.TestNG.runExecutionListeners(TestNG.java:1032)
	at org.testng.TestNG.run(TestNG.java:983)
	at org.apache.maven.surefire.testng.TestNGExecutor.run(TestNGExecutor.java:178)
	at org.apache.maven.surefire.testng.TestNGXmlTestSuite.execute(TestNGXmlTestSuite.java:92)
	at org.apache.maven.surefire.testng.TestNGProvider.invoke(TestNGProvider.java:96)
	at sun.reflect.NativeMethodAccessorImpl.invoke0(Native Method)
	at sun.reflect.NativeMethodAccessorImpl.invoke(NativeMethodAccessorImpl.java:39)
	at sun.reflect.DelegatingMethodAccessorImpl.invoke(DelegatingMethodAccessorImpl.java:25)
	at java.lang.reflect.Method.invoke(Method.java:597)
	at org.apache.maven.surefire.util.ReflectionUtils.invokeMethodWithArray(ReflectionUtils.java:189)
	at org.apache.maven.surefire.booter.ProviderFactory$ProviderProxy.invoke(ProviderFactory.java:165)
	at org.apache.maven.surefire.booter.ProviderFactory.invokeProvider(ProviderFactory.java:85)
	at org.apache.maven.surefire.booter.ForkedBooter.runSuitesInProcess(ForkedBooter.java:115)
	at org.apache.maven.surefire.booter.ForkedBooter.main(ForkedBooter.java:75)
Caused by: java.io.FileNotFoundException: /Users/ananthaneshan/ESBConnectors/org.wso2.carbon.connector/repository/wso2esb-4.8.1.zip (No such file or directory)
	at java.io.FileInputStream.open(Native Method)
	at java.io.FileInputStream.<init>(FileInputStream.java:120)
	at java.io.FileInputStream.<init>(FileInputStream.java:79)
	at org.wso2.carbon.automation.core.utils.fileutils.ArchiveExtractor.extractFile(ArchiveExtractor.java:43)
	... 19 more
[2014-09-09 15:55:06,327]  INFO {org.wso2.carbon.automation.core.PlatformSuiteManager:76} -  **********Starting executing test Suite ESBTestSuite on user***********
[2014-09-09 15:55:06,330]  INFO {org.wso2.carbon.automation.core.UserPopulator:61} -  Populating Users....
[2014-09-09 15:55:07,030]  INFO {org.wso2.carbon.automation.api.clients.authenticators.AuthenticatorClient:64} -  Login Successful
[2014-09-09 15:55:07,106]  INFO {org.wso2.carbon.automation.core.UserPopulator:97} -  Populate user to ESB server
[2014-09-09 15:55:07,178]  INFO {org.wso2.carbon.automation.api.clients.authenticators.AuthenticatorClient:64} -  Login Successful
[2014-09-09 15:55:07,342]  INFO {org.wso2.carbon.automation.api.clients.user.mgt.UserManagementClient:216} -  Role name testRole already exists
[2014-09-09 15:55:07,366]  INFO {org.wso2.carbon.automation.api.clients.user.mgt.UserManagementClient:266} -  User name adminuser already exists
[2014-09-09 15:55:07,386]  INFO {org.wso2.carbon.automation.api.clients.user.mgt.UserManagementClient:266} -  User name testuser2 already exists
[2014-09-09 15:55:07,406]  INFO {org.wso2.carbon.automation.api.clients.user.mgt.UserManagementClient:266} -  User name testuser3 already exists
[2014-09-09 15:55:07,432]  INFO {org.wso2.carbon.automation.api.clients.user.mgt.UserManagementClient:266} -  User name testuser4 already exists
[2014-09-09 15:55:07,452]  INFO {org.wso2.carbon.automation.api.clients.user.mgt.UserManagementClient:266} -  User name testuser5 already exists
[2014-09-09 15:55:07,469]  INFO {org.wso2.carbon.automation.api.clients.user.mgt.UserManagementClient:266} -  User name testuser6 already exists
[2014-09-09 15:55:07,488]  INFO {org.wso2.carbon.automation.api.clients.user.mgt.UserManagementClient:266} -  User name testuser7 already exists
[2014-09-09 15:55:07,507]  INFO {org.wso2.carbon.automation.api.clients.user.mgt.UserManagementClient:266} -  User name testuser8 already exists
[2014-09-09 15:55:07,528]  INFO {org.wso2.carbon.automation.api.clients.user.mgt.UserManagementClient:266} -  User name testuser9 already exists
[2014-09-09 15:55:07,546]  INFO {org.wso2.carbon.automation.api.clients.user.mgt.UserManagementClient:266} -  User name testuser10 already exists
[2014-09-09 15:55:07,564]  INFO {org.wso2.carbon.automation.api.clients.user.mgt.UserManagementClient:266} -  User name testuser11 already exists
[2014-09-09 15:55:07,582]  INFO {org.wso2.carbon.automation.api.clients.user.mgt.UserManagementClient:266} -  User name testuser12 already exists
[2014-09-09 15:55:07,602]  INFO {org.wso2.carbon.automation.api.clients.user.mgt.UserManagementClient:266} -  User name testuser13 already exists
[2014-09-09 15:55:07,620]  INFO {org.wso2.carbon.automation.api.clients.user.mgt.UserManagementClient:266} -  User name testuser14 already exists
[2014-09-09 15:55:07,640]  INFO {org.wso2.carbon.automation.api.clients.user.mgt.UserManagementClient:266} -  User name testuser15 already exists
[2014-09-09 15:55:07,641]  INFO {org.wso2.carbon.automation.core.PlatformTestManager:102} -  --------------Start executing test class Meetup-Connector-Test on suiteESBTestSuite--------
[2014-09-09 15:55:07,654]  INFO {org.wso2.carbon.automation.core.PlatformTestManager:129} -  --------------Finishing executing test class Meetup-Connector-Test on suiteESBTestSuite--------
[2014-09-09 15:55:07,657]  INFO {org.wso2.carbon.automation.core.PlatformSuiteManager:134} -  ***********Finishing executing test Suite ESBTestSuite on user*******
[2014-09-09 15:55:07,657]  INFO {org.wso2.carbon.automation.core.PlatformExecutionManager:176} -  ---------------Test Execution Finished --------------------------
[2014-09-09 15:55:07,669]  INFO {org.wso2.carbon.automation.core.PlatformReportManager:44} -  ----/Users/ananthaneshan/ESBConnectors/org.wso2.carbon.connector/target/surefire-reports/ESBTestSuite---------
