[2014-09-23 12:41:51,086]  INFO {org.wso2.carbon.automation.core.PlatformExecutionManager:65} -  ---------------Test Execution Started --------------------------
[2014-09-23 12:41:51,099]  INFO {org.wso2.carbon.automation.core.ServerGroupManager:78} -  Carbon zip file - /Users/inshaf/GitHub/ESBConnectors/org.wso2.carbon.connector/repository/wso2esb-4.8.1.zip
[2014-09-23 12:41:55,025]  INFO {org.wso2.carbon.automation.core.ServerGroupManager:333} -  Copying /Users/inshaf/GitHub/ESBConnectors/org.wso2.carbon.connector/target/security-verifier/SecVerifier.aar => /Users/inshaf/GitHub/ESBConnectors/org.wso2.carbon.connector/target/carbontmp1411456311105/wso2esb-4.8.1/repository/deployment/server/axis2services/SecVerifier.aar
[2014-09-23 12:41:55,124]  INFO {org.wso2.carbon.automation.core.utils.coreutils.CodeCoverageUtils:121} -  Instrumentation of jar files in progress ...
[2014-09-23 12:42:01,451]  INFO {org.wso2.carbon.automation.core.utils.coreutils.CodeCoverageUtils:159} -  Instrumented 85 files.
[2014-09-23 12:42:01,452]  INFO {org.wso2.carbon.automation.core.utils.serverutils.ServerUtils:82} -  Starting server............. 
[2014-09-23 12:42:01,542]  INFO {org.wso2.carbon.automation.core.utils.coreutils.InputStreamHandler:70} -  JAVA_HOME environment variable is set to /Library/Java/JavaVirtualMachines/jdk1.7.0_67.jdk/Contents/Home
[2014-09-23 12:42:01,543]  INFO {org.wso2.carbon.automation.core.utils.coreutils.InputStreamHandler:70} -  CARBON_HOME environment variable is set to /Users/inshaf/GitHub/ESBConnectors/org.wso2.carbon.connector/target/carbontmp1411456311105/wso2esb-4.8.1
[2014-09-23 12:42:02,273]  INFO {org.wso2.carbon.automation.core.utils.coreutils.InputStreamHandler:70} -  [2014-09-23 12:42:02,273]  INFO {org.wso2.carbon.server.extensions.PatchInstaller} -  Patch changes detected 
[2014-09-23 12:42:03,624]  INFO {org.wso2.carbon.automation.core.utils.coreutils.InputStreamHandler:70} -  [2014-09-23 12:42:03,624]  INFO {org.wso2.carbon.server.util.PatchUtils.console} -  Backed up plugins to patch0000
[2014-09-23 12:42:04,426]  INFO {org.wso2.carbon.automation.core.utils.coreutils.InputStreamHandler:70} -  [2014-09-23 12:42:04,426]  INFO {org.wso2.carbon.server.util.PatchUtils.console} -  Patch verification started
[2014-09-23 12:42:04,726]  INFO {org.wso2.carbon.automation.core.utils.coreutils.InputStreamHandler:70} -  [2014-09-23 12:42:04,726]  INFO {org.wso2.carbon.server.util.PatchUtils.console} -  Patch verification successfully completed without encountering any issues.
[2014-09-23 12:42:09,158]  INFO {org.wso2.carbon.automation.core.utils.coreutils.InputStreamHandler:70} -  [2014-09-23 12:42:09,157]  INFO - CarbonCoreActivator Starting WSO2 Carbon...
[2014-09-23 12:42:09,160]  INFO {org.wso2.carbon.automation.core.utils.coreutils.InputStreamHandler:70} -  [2014-09-23 12:42:09,160]  INFO - CarbonCoreActivator Operating System : Mac OS X 10.9, x86_64
[2014-09-23 12:42:09,160]  INFO {org.wso2.carbon.automation.core.utils.coreutils.InputStreamHandler:70} -  [2014-09-23 12:42:09,160]  INFO - CarbonCoreActivator Java Home        : /Library/Java/JavaVirtualMachines/jdk1.7.0_67.jdk/Contents/Home/jre
[2014-09-23 12:42:09,161]  INFO {org.wso2.carbon.automation.core.utils.coreutils.InputStreamHandler:70} -  [2014-09-23 12:42:09,160]  INFO - CarbonCoreActivator Java Version     : 1.7.0_67
[2014-09-23 12:42:09,161]  INFO {org.wso2.carbon.automation.core.utils.coreutils.InputStreamHandler:70} -  [2014-09-23 12:42:09,161]  INFO - CarbonCoreActivator Java VM          : Java HotSpot(TM) 64-Bit Server VM 24.65-b04,Oracle Corporation
[2014-09-23 12:42:09,161]  INFO {org.wso2.carbon.automation.core.utils.coreutils.InputStreamHandler:70} -  [2014-09-23 12:42:09,161]  INFO - CarbonCoreActivator Carbon Home      : /Users/inshaf/GitHub/ESBConnectors/org.wso2.carbon.connector/target/carbontmp1411456311105/wso2esb-4.8.1
[2014-09-23 12:42:09,161]  INFO {org.wso2.carbon.automation.core.utils.coreutils.InputStreamHandler:70} -  [2014-09-23 12:42:09,161]  INFO - CarbonCoreActivator Java Temp Dir    : /Users/inshaf/GitHub/ESBConnectors/org.wso2.carbon.connector/target/carbontmp1411456311105/wso2esb-4.8.1/tmp
[2014-09-23 12:42:09,161]  INFO {org.wso2.carbon.automation.core.utils.coreutils.InputStreamHandler:70} -  [2014-09-23 12:42:09,161]  INFO - CarbonCoreActivator User             : inshaf, en-US, Asia/Colombo
[2014-09-23 12:42:09,258]  INFO {org.wso2.carbon.automation.core.utils.coreutils.InputStreamHandler:70} -  [2014-09-23 12:42:09,258]  WARN - ValidationResultPrinter The default keystore (wso2carbon.jks) is currently being used. To maximize security when deploying to a production environment, configure a new keystore with a unique password in the production server profile.
[2014-09-23 12:42:09,259]  INFO {org.wso2.carbon.automation.core.utils.coreutils.InputStreamHandler:70} -  [2014-09-23 12:42:09,259]  WARN - ValidationResultPrinter Swap Memory size (MB): 1024 of the system is below the recommended minimum size :2048
[2014-09-23 12:42:09,267]  INFO {org.wso2.carbon.automation.core.utils.coreutils.InputStreamHandler:70} -  [2014-09-23 12:42:09,267]  INFO - AgentHolder Agent created !
[2014-09-23 12:42:09,286]  INFO {org.wso2.carbon.automation.core.utils.coreutils.InputStreamHandler:70} -  [2014-09-23 12:42:09,286]  INFO - AgentDS Successfully deployed Agent Client
[2014-09-23 12:42:11,124]  INFO {org.wso2.carbon.automation.core.utils.coreutils.InputStreamHandler:70} -  [2014-09-23 12:42:11,124]  INFO - EmbeddedRegistryService Configured Registry in 102ms
[2014-09-23 12:42:11,461]  INFO {org.wso2.carbon.automation.core.utils.coreutils.InputStreamHandler:70} -  [2014-09-23 12:42:11,461]  INFO - RegistryCoreServiceComponent Registry Mode    : READ-WRITE
[2014-09-23 12:42:11,986]  INFO {org.wso2.carbon.automation.core.utils.coreutils.InputStreamHandler:70} -  [2014-09-23 12:42:11,986]  INFO - UserStoreMgtDSComponent Carbon UserStoreMgtDSComponent activated successfully.
[2014-09-23 12:42:17,068]  INFO {org.wso2.carbon.automation.core.utils.coreutils.InputStreamHandler:70} -  [2014-09-23 12:42:17,068]  INFO - TaglibUriRule TLD skipped. URI: http://tiles.apache.org/tags-tiles is already defined
[2014-09-23 12:42:17,932]  INFO {org.wso2.carbon.automation.core.utils.coreutils.InputStreamHandler:70} -  [2014-09-23 12:42:17,932]  INFO - ClusterBuilder Clustering has been disabled
[2014-09-23 12:42:18,434]  INFO {org.wso2.carbon.automation.core.utils.coreutils.InputStreamHandler:70} -  [2014-09-23 12:42:18,434]  INFO - LandingPageWebappDeployer Deployed product landing page webapp: StandardEngine[Catalina].StandardHost[localhost].StandardContext[/home]
[2014-09-23 12:42:18,434]  INFO {org.wso2.carbon.automation.core.utils.coreutils.InputStreamHandler:70} -  [2014-09-23 12:42:18,434]  INFO - UserStoreConfigurationDeployer User Store Configuration Deployer initiated.
[2014-09-23 12:42:18,480]  INFO {org.wso2.carbon.automation.core.utils.coreutils.InputStreamHandler:70} -  [2014-09-23 12:42:18,479]  INFO - PassThroughHttpSSLSender Initializing Pass-through HTTP/S Sender...
[2014-09-23 12:42:18,503]  INFO {org.wso2.carbon.automation.core.utils.coreutils.InputStreamHandler:70} -  [2014-09-23 12:42:18,503]  INFO - ClientConnFactoryBuilder HTTPS Loading Identity Keystore from : repository/resources/security/wso2carbon.jks
[2014-09-23 12:42:18,510]  INFO {org.wso2.carbon.automation.core.utils.coreutils.InputStreamHandler:70} -  [2014-09-23 12:42:18,510]  INFO - ClientConnFactoryBuilder HTTPS Loading Trust Keystore from : repository/resources/security/client-truststore.jks
[2014-09-23 12:42:18,555]  INFO {org.wso2.carbon.automation.core.utils.coreutils.InputStreamHandler:70} -  [2014-09-23 12:42:18,555]  INFO - PassThroughHttpSSLSender Pass-through HTTPS Sender started...
[2014-09-23 12:42:18,556]  INFO {org.wso2.carbon.automation.core.utils.coreutils.InputStreamHandler:70} -  [2014-09-23 12:42:18,556]  INFO - PassThroughHttpSender Initializing Pass-through HTTP/S Sender...
[2014-09-23 12:42:18,557]  INFO {org.wso2.carbon.automation.core.utils.coreutils.InputStreamHandler:70} -  [2014-09-23 12:42:18,557]  INFO - PassThroughHttpSender Pass-through HTTP Sender started...
[2014-09-23 12:42:18,621]  INFO {org.wso2.carbon.automation.core.utils.coreutils.InputStreamHandler:70} -  [2014-09-23 12:42:18,621]  INFO - DeploymentInterceptor Deploying Axis2 service: echo {super-tenant}
[2014-09-23 12:42:18,695]  INFO {org.wso2.carbon.automation.core.utils.coreutils.InputStreamHandler:70} -  [2014-09-23 12:42:18,695]  INFO - DeploymentEngine Deploying Web service: Echo.aar - file:/Users/inshaf/GitHub/ESBConnectors/org.wso2.carbon.connector/target/carbontmp1411456311105/wso2esb-4.8.1/repository/deployment/server/axis2services/Echo.aar
[2014-09-23 12:42:19,119]  INFO {org.wso2.carbon.automation.core.utils.coreutils.InputStreamHandler:70} -  [2014-09-23 12:42:19,119]  INFO - DeploymentInterceptor Deploying Axis2 service: SecurityVerifierService {super-tenant}
[2014-09-23 12:42:19,207]  INFO {org.wso2.carbon.automation.core.utils.coreutils.InputStreamHandler:70} -  [2014-09-23 12:42:19,207]  INFO - DeploymentEngine Deploying Web service: SecVerifier.aar - file:/Users/inshaf/GitHub/ESBConnectors/org.wso2.carbon.connector/target/carbontmp1411456311105/wso2esb-4.8.1/repository/deployment/server/axis2services/SecVerifier.aar
[2014-09-23 12:42:19,278]  INFO {org.wso2.carbon.automation.core.utils.coreutils.InputStreamHandler:70} -  [2014-09-23 12:42:19,278]  INFO - DeploymentInterceptor Deploying Axis2 service: Version {super-tenant}
[2014-09-23 12:42:19,301]  INFO {org.wso2.carbon.automation.core.utils.coreutils.InputStreamHandler:70} -  [2014-09-23 12:42:19,301]  INFO - DeploymentEngine Deploying Web service: Version.aar - file:/Users/inshaf/GitHub/ESBConnectors/org.wso2.carbon.connector/target/carbontmp1411456311105/wso2esb-4.8.1/repository/deployment/server/axis2services/Version.aar
[2014-09-23 12:42:19,314]  INFO {org.wso2.carbon.automation.core.utils.coreutils.InputStreamHandler:70} -  [2014-09-23 12:42:19,314]  INFO - PassThroughHttpSSLListener Initializing Pass-through HTTP/S Listener...
[2014-09-23 12:42:19,335]  INFO {org.wso2.carbon.automation.core.utils.coreutils.InputStreamHandler:70} -  [2014-09-23 12:42:19,335]  INFO - PassThroughHttpListener Initializing Pass-through HTTP/S Listener...
[2014-09-23 12:42:19,380]  INFO {org.wso2.carbon.automation.core.utils.coreutils.InputStreamHandler:70} -  [2014-09-23 12:42:19,380]  INFO - ModuleDeployer Deploying module: addressing-1.6.1-wso2v10 - file:/Users/inshaf/GitHub/ESBConnectors/org.wso2.carbon.connector/target/carbontmp1411456311105/wso2esb-4.8.1/repository/deployment/client/modules/addressing-1.6.1-wso2v10.mar
[2014-09-23 12:42:19,383]  INFO {org.wso2.carbon.automation.core.utils.coreutils.InputStreamHandler:70} -  [2014-09-23 12:42:19,383]  INFO - ModuleDeployer Deploying module: rampart-1.6.1-wso2v8 - file:/Users/inshaf/GitHub/ESBConnectors/org.wso2.carbon.connector/target/carbontmp1411456311105/wso2esb-4.8.1/repository/deployment/client/modules/rampart-1.6.1-wso2v8.mar
[2014-09-23 12:42:19,391]  INFO {org.wso2.carbon.automation.core.utils.coreutils.InputStreamHandler:70} -  [2014-09-23 12:42:19,391]  INFO - TCPTransportSender TCP Sender started
[2014-09-23 12:42:20,289]  INFO {org.wso2.carbon.automation.core.utils.coreutils.InputStreamHandler:70} -  [2014-09-23 12:42:20,289]  INFO - DeploymentEngine Deploying Web service: org.wso2.carbon.message.processor - 
[2014-09-23 12:42:20,306]  INFO {org.wso2.carbon.automation.core.utils.coreutils.InputStreamHandler:70} -  [2014-09-23 12:42:20,306]  INFO - DeploymentEngine Deploying Web service: org.wso2.carbon.message.store - 
[2014-09-23 12:42:21,051]  INFO {org.wso2.carbon.automation.core.utils.coreutils.InputStreamHandler:70} -  [2014-09-23 12:42:21,051]  INFO - DeploymentInterceptor Deploying Axis2 service: wso2carbon-sts {super-tenant}
[2014-09-23 12:42:21,108]  INFO {org.wso2.carbon.automation.core.utils.coreutils.InputStreamHandler:70} -  [2014-09-23 12:42:21,108]  INFO - DeploymentEngine Deploying Web service: org.wso2.carbon.sts - 
[2014-09-23 12:42:21,310]  INFO {org.wso2.carbon.automation.core.utils.coreutils.InputStreamHandler:70} -  [2014-09-23 12:42:21,310]  INFO - DeploymentEngine Deploying Web service: org.wso2.carbon.tryit - 
[2014-09-23 12:42:21,577]  INFO {org.wso2.carbon.automation.core.utils.coreutils.InputStreamHandler:70} -  [2014-09-23 12:42:21,577]  INFO - CarbonServerManager Repository       : /Users/inshaf/GitHub/ESBConnectors/org.wso2.carbon.connector/target/carbontmp1411456311105/wso2esb-4.8.1/repository/deployment/server/
[2014-09-23 12:42:21,711]  INFO {org.wso2.carbon.automation.core.utils.coreutils.InputStreamHandler:70} -  [2014-09-23 12:42:21,711]  INFO - PermissionUpdater Permission cache updated for tenant -1234
[2014-09-23 12:42:21,768]  INFO {org.wso2.carbon.automation.core.utils.coreutils.InputStreamHandler:70} -  [2014-09-23 12:42:21,768]  INFO - ServiceBusInitializer Starting ESB...
[2014-09-23 12:42:21,792]  INFO {org.wso2.carbon.automation.core.utils.coreutils.InputStreamHandler:70} -  [2014-09-23 12:42:21,791]  INFO - ServiceBusInitializer Initializing Apache Synapse...
[2014-09-23 12:42:21,797]  INFO {org.wso2.carbon.automation.core.utils.coreutils.InputStreamHandler:70} -  [2014-09-23 12:42:21,797]  INFO - SynapseControllerFactory Using Synapse home : /Users/inshaf/GitHub/ESBConnectors/org.wso2.carbon.connector/target/carbontmp1411456311105/wso2esb-4.8.1/.
[2014-09-23 12:42:21,797]  INFO {org.wso2.carbon.automation.core.utils.coreutils.InputStreamHandler:70} -  [2014-09-23 12:42:21,797]  INFO - SynapseControllerFactory Using synapse.xml location : /Users/inshaf/GitHub/ESBConnectors/org.wso2.carbon.connector/target/carbontmp1411456311105/wso2esb-4.8.1/././repository/deployment/server/synapse-configs/default
[2014-09-23 12:42:21,797]  INFO {org.wso2.carbon.automation.core.utils.coreutils.InputStreamHandler:70} -  [2014-09-23 12:42:21,797]  INFO - SynapseControllerFactory Using server name : localhost
[2014-09-23 12:42:21,801]  INFO {org.wso2.carbon.automation.core.utils.coreutils.InputStreamHandler:70} -  [2014-09-23 12:42:21,801]  INFO - SynapseControllerFactory The timeout handler will run every : 15s
[2014-09-23 12:42:21,812]  INFO {org.wso2.carbon.automation.core.utils.coreutils.InputStreamHandler:70} -  [2014-09-23 12:42:21,811]  INFO - Axis2SynapseController Initializing Synapse at : Tue Sep 23 12:42:21 IST 2014
[2014-09-23 12:42:21,814]  INFO {org.wso2.carbon.automation.core.utils.coreutils.InputStreamHandler:70} -  [2014-09-23 12:42:21,814]  INFO - CarbonSynapseController Loading the mediation configuration from the file system
[2014-09-23 12:42:21,816]  INFO {org.wso2.carbon.automation.core.utils.coreutils.InputStreamHandler:70} -  [2014-09-23 12:42:21,816]  INFO - MultiXMLConfigurationBuilder Building synapse configuration from the synapse artifact repository at : ././repository/deployment/server/synapse-configs/default
[2014-09-23 12:42:21,816]  INFO {org.wso2.carbon.automation.core.utils.coreutils.InputStreamHandler:70} -  [2014-09-23 12:42:21,816]  INFO - XMLConfigurationBuilder Generating the Synapse configuration model by parsing the XML configuration
[2014-09-23 12:42:21,906]  INFO {org.wso2.carbon.automation.core.utils.coreutils.InputStreamHandler:70} -  [2014-09-23 12:42:21,906]  INFO - SynapseConfigurationBuilder Loaded Synapse configuration from the artifact repository at : ././repository/deployment/server/synapse-configs/default
[2014-09-23 12:42:21,910]  INFO {org.wso2.carbon.automation.core.utils.coreutils.InputStreamHandler:70} -  [2014-09-23 12:42:21,910]  INFO - Axis2SynapseController Loading mediator extensions...
[2014-09-23 12:42:21,911]  INFO {org.wso2.carbon.automation.core.utils.coreutils.InputStreamHandler:70} -  [2014-09-23 12:42:21,911]  INFO - Axis2SynapseController Deploying the Synapse service...
[2014-09-23 12:42:21,914]  INFO {org.wso2.carbon.automation.core.utils.coreutils.InputStreamHandler:70} -  [2014-09-23 12:42:21,914]  INFO - Axis2SynapseController Deploying Proxy services...
[2014-09-23 12:42:21,914]  INFO {org.wso2.carbon.automation.core.utils.coreutils.InputStreamHandler:70} -  [2014-09-23 12:42:21,914]  INFO - Axis2SynapseController Deploying EventSources...
[2014-09-23 12:42:21,924]  INFO {org.wso2.carbon.automation.core.utils.coreutils.InputStreamHandler:70} -  [2014-09-23 12:42:21,924]  INFO - ServerManager Server ready for processing...
[2014-09-23 12:42:21,974]  INFO {org.wso2.carbon.automation.core.utils.coreutils.InputStreamHandler:70} -  [2014-09-23 12:42:21,974]  INFO - MediationStatisticsComponent Statistic Reporter is Disabled
[2014-09-23 12:42:21,975]  INFO {org.wso2.carbon.automation.core.utils.coreutils.InputStreamHandler:70} -  [2014-09-23 12:42:21,974]  INFO - MediationStatisticsComponent Can't register an observer for mediationStatisticsStore. If you have disabled StatisticsReporter, please enable it in the Carbon.xml
[2014-09-23 12:42:22,029]  INFO {org.wso2.carbon.automation.core.utils.coreutils.InputStreamHandler:70} -  [2014-09-23 12:42:22,029]  INFO - RuleEngineConfigDS Successfully registered the Rule Config service
[2014-09-23 12:42:22,419]  INFO {org.wso2.carbon.automation.core.utils.coreutils.InputStreamHandler:70} -  [2014-09-23 12:42:22,419]  INFO - PassThroughHttpSSLListener Starting Pass-through HTTPS Listener...
[2014-09-23 12:42:22,430]  INFO {org.wso2.carbon.automation.core.utils.coreutils.InputStreamHandler:70} -  [2014-09-23 12:42:22,430]  INFO - PassThroughHttpSSLListener Pass-through HTTPS Listener started on 0:0:0:0:0:0:0:0:8243
[2014-09-23 12:42:22,430]  INFO {org.wso2.carbon.automation.core.utils.coreutils.InputStreamHandler:70} -  [2014-09-23 12:42:22,430]  INFO - PassThroughHttpListener Starting Pass-through HTTP Listener...
[2014-09-23 12:42:22,432]  INFO {org.wso2.carbon.automation.core.utils.coreutils.InputStreamHandler:70} -  [2014-09-23 12:42:22,432]  INFO - PassThroughHttpListener Pass-through HTTP Listener started on 0:0:0:0:0:0:0:0:8280
[2014-09-23 12:42:22,434]  INFO {org.wso2.carbon.automation.core.utils.coreutils.InputStreamHandler:70} -  [2014-09-23 12:42:22,434]  INFO - NioSelectorPool Using a shared selector for servlet write/read
[2014-09-23 12:42:22,735]  INFO {org.wso2.carbon.automation.core.utils.coreutils.InputStreamHandler:70} -  [2014-09-23 12:42:22,735]  INFO - NioSelectorPool Using a shared selector for servlet write/read
[2014-09-23 12:42:22,755]  INFO {org.wso2.carbon.automation.core.utils.coreutils.InputStreamHandler:70} -  [2014-09-23 12:42:22,755]  INFO - RegistryEventingServiceComponent Successfully Initialized Eventing on Registry
[2014-09-23 12:42:23,319]  INFO {org.wso2.carbon.automation.core.utils.coreutils.InputStreamHandler:70} -  [2014-09-23 12:42:23,319]  INFO - JMXServerManager JMX Service URL  : service:jmx:rmi://localhost:11111/jndi/rmi://localhost:9999/jmxrmi
[2014-09-23 12:42:23,320]  INFO {org.wso2.carbon.automation.core.utils.coreutils.InputStreamHandler:70} -  [2014-09-23 12:42:23,320]  INFO - StartupFinalizerServiceComponent Server           :  WSO2 Enterprise Service Bus-4.8.1
[2014-09-23 12:42:23,321]  INFO {org.wso2.carbon.automation.core.utils.coreutils.InputStreamHandler:70} -  [2014-09-23 12:42:23,320]  INFO - StartupFinalizerServiceComponent WSO2 Carbon started in 21 sec
[2014-09-23 12:42:23,817]  INFO {org.wso2.carbon.automation.core.utils.coreutils.InputStreamHandler:70} -  [2014-09-23 12:42:23,817]  INFO - CarbonUIServiceComponent Mgt Console URL  : https://10.100.5.185:9443/carbon/
[2014-09-23 12:42:23,829]  INFO {org.wso2.carbon.automation.core.utils.ClientConnectionUtil:49} -  Waiting to login to Carbon server...
[2014-09-23 12:42:23,831]  INFO {org.wso2.carbon.automation.core.utils.ClientConnectionUtil:88} -  Successfully connected to the server on port 9443
[2014-09-23 12:42:24,837]  INFO {org.wso2.carbon.automation.core.utils.coreutils.InputStreamHandler:70} -  [2014-09-23 12:42:24,837]  INFO - CarbonAuthenticationUtil 'admin@carbon.super [-1234]' logged in at [2014-09-23 12:42:24,836+0530]
[2014-09-23 12:42:24,891]  INFO {org.wso2.carbon.automation.api.clients.authenticators.AuthenticatorClient:64} -  Login Successful
[2014-09-23 12:42:24,891]  INFO {org.wso2.carbon.automation.core.utils.serverutils.ServerUtils:147} -  Server started successfully.
[2014-09-23 12:42:24,894]  INFO {org.wso2.carbon.automation.core.utils.axis2serverutils.SampleAxis2Server:66} -  Using the Axis2 repository path: /Users/inshaf/GitHub/ESBConnectors/org.wso2.carbon.connector/target/carbontmp1411456311105/wso2esb-4.8.1/samples/axis2Server/repository
[2014-09-23 12:42:24,895]  INFO {org.wso2.carbon.automation.core.utils.axis2serverutils.SampleAxis2Server:74} -  Loading axis2.xml from: /Users/inshaf/GitHub/ESBConnectors/org.wso2.carbon.connector/target/axis2.xml
[2014-09-23 12:42:24,924]  INFO {org.apache.axis2.deployment.DeploymentEngine:1095} -  No services directory was found under /Users/inshaf/GitHub/ESBConnectors/org.wso2.carbon.connector/target/carbontmp1411456311105/wso2esb-4.8.1/samples/axis2Server/repository.
[2014-09-23 12:42:25,073] ERROR {org.apache.sandesha2.SandeshaModule:98} -  Could not load module policies. Using default values.
[2014-09-23 12:42:25,226]  INFO {org.apache.synapse.transport.nhttp.HttpCoreNIOSender:223} -  HTTP Sender starting
[2014-09-23 12:42:25,234]  INFO {org.wso2.carbon.automation.core.utils.axis2serverutils.SampleAxis2Server:83} -  Starting sample Axis2 server
[2014-09-23 12:42:25,271]  INFO {org.apache.synapse.transport.nhttp.HttpCoreNIOListener:350} -  HTTP Listener started on 0:0:0:0:0:0:0:0:9000
[2014-09-23 12:42:27,272]  INFO {org.wso2.carbon.automation.core.PlatformExecutionManager:229} -  Deploying services..............
[2014-09-23 12:42:27,278]  WARN {org.apache.axis2.deployment.ServiceBuilder:343} -  Service [ DataSourceAdmin] is trying to expose in a transport : https and which is not available in Axis2
[2014-09-23 12:42:27,280] ERROR {org.wso2.carbon.automation.core.PlatformExecutionManager:193} -  Unable to start servers 
org.apache.axis2.deployment.DeploymentException: Service [DataSourceAdmin] is trying expose in tranpsorts: <transports>
            <transport>https</transport>
        </transports> and which is/are not available in Axis2
	at org.apache.axis2.deployment.DeploymentEngine.loadServiceGroup(DeploymentEngine.java:1324)
	at org.wso2.carbon.automation.core.utils.axis2serverutils.SampleAxis2Server.deployService(SampleAxis2Server.java:132)
	at org.wso2.carbon.automation.core.PlatformExecutionManager.startSimpleAxis2Server(PlatformExecutionManager.java:230)
	at org.wso2.carbon.automation.core.PlatformExecutionManager.startSevers(PlatformExecutionManager.java:190)
	at org.wso2.carbon.automation.core.PlatformExecutionManager.onExecutionStart(PlatformExecutionManager.java:76)
	at org.testng.TestNG.runExecutionListeners(TestNG.java:1032)
	at org.testng.TestNG.run(TestNG.java:983)
	at org.apache.maven.surefire.testng.TestNGExecutor.run(TestNGExecutor.java:178)
	at org.apache.maven.surefire.testng.TestNGXmlTestSuite.execute(TestNGXmlTestSuite.java:92)
	at org.apache.maven.surefire.testng.TestNGProvider.invoke(TestNGProvider.java:96)
	at sun.reflect.NativeMethodAccessorImpl.invoke0(Native Method)
	at sun.reflect.NativeMethodAccessorImpl.invoke(NativeMethodAccessorImpl.java:57)
	at sun.reflect.DelegatingMethodAccessorImpl.invoke(DelegatingMethodAccessorImpl.java:43)
	at java.lang.reflect.Method.invoke(Method.java:606)
	at org.apache.maven.surefire.util.ReflectionUtils.invokeMethodWithArray(ReflectionUtils.java:189)
	at org.apache.maven.surefire.booter.ProviderFactory$ProviderProxy.invoke(ProviderFactory.java:165)
	at org.apache.maven.surefire.booter.ProviderFactory.invokeProvider(ProviderFactory.java:85)
	at org.apache.maven.surefire.booter.ForkedBooter.runSuitesInProcess(ForkedBooter.java:115)
	at org.apache.maven.surefire.booter.ForkedBooter.main(ForkedBooter.java:75)
Caused by: org.apache.axis2.deployment.DeploymentException: Service [DataSourceAdmin] is trying expose in tranpsorts: <transports>
            <transport>https</transport>
        </transports> and which is/are not available in Axis2
	at org.apache.axis2.deployment.ServiceGroupBuilder.populateServiceGroup(ServiceGroupBuilder.java:106)
	at org.apache.axis2.deployment.repository.util.ArchiveReader.buildServiceGroup(ArchiveReader.java:109)
	at org.apache.axis2.deployment.DeploymentEngine.loadServiceGroup(DeploymentEngine.java:1317)
	... 18 more
Caused by: org.apache.axis2.deployment.DeploymentException: Service [DataSourceAdmin] is trying expose in tranpsorts: <transports>
            <transport>https</transport>
        </transports> and which is/are not available in Axis2
	at org.apache.axis2.deployment.ServiceBuilder.populateService(ServiceBuilder.java:441)
	at org.apache.axis2.deployment.ServiceGroupBuilder.populateServiceGroup(ServiceGroupBuilder.java:101)
	... 20 more
Caused by: org.apache.axis2.AxisFault: Service [DataSourceAdmin] is trying expose in tranpsorts: <transports>
            <transport>https</transport>
        </transports> and which is/are not available in Axis2
	at org.apache.axis2.deployment.ServiceBuilder.populateService(ServiceBuilder.java:353)
	... 21 more
[2014-09-23 12:42:27,430]  INFO {org.wso2.carbon.automation.core.PlatformSuiteManager:76} -  **********Starting executing test Suite ESBTestSuite on user***********
[2014-09-23 12:42:27,433]  INFO {org.wso2.carbon.automation.core.UserPopulator:61} -  Populating Users....
[2014-09-23 12:42:27,505]  INFO {org.wso2.carbon.automation.core.utils.coreutils.InputStreamHandler:70} -  [2014-09-23 12:42:27,504]  INFO - CarbonAuthenticationUtil 'admin@carbon.super [-1234]' logged in at [2014-09-23 12:42:27,504+0530]
[2014-09-23 12:42:27,509]  INFO {org.wso2.carbon.automation.api.clients.authenticators.AuthenticatorClient:64} -  Login Successful
[2014-09-23 12:42:27,581]  INFO {org.wso2.carbon.automation.core.UserPopulator:97} -  Populate user to ESB server
[2014-09-23 12:42:27,642]  INFO {org.wso2.carbon.automation.core.utils.coreutils.InputStreamHandler:70} -  [2014-09-23 12:42:27,642]  INFO - CarbonAuthenticationUtil 'admin@carbon.super [-1234]' logged in at [2014-09-23 12:42:27,642+0530]
[2014-09-23 12:42:27,645]  INFO {org.wso2.carbon.automation.api.clients.authenticators.AuthenticatorClient:64} -  Login Successful
[2014-09-23 12:42:28,032]  INFO {org.wso2.carbon.automation.core.UserPopulator:231} -  Role testRole was created successfully
[2014-09-23 12:42:28,062]  INFO {org.wso2.carbon.automation.core.UserPopulator:124} -  User adminuser was created successfully
[2014-09-23 12:42:28,083]  INFO {org.wso2.carbon.automation.core.UserPopulator:124} -  User testuser2 was created successfully
[2014-09-23 12:42:28,103]  INFO {org.wso2.carbon.automation.core.UserPopulator:124} -  User testuser3 was created successfully
[2014-09-23 12:42:28,126]  INFO {org.wso2.carbon.automation.core.UserPopulator:124} -  User testuser4 was created successfully
[2014-09-23 12:42:28,150]  INFO {org.wso2.carbon.automation.core.UserPopulator:124} -  User testuser5 was created successfully
[2014-09-23 12:42:28,175]  INFO {org.wso2.carbon.automation.core.UserPopulator:124} -  User testuser6 was created successfully
[2014-09-23 12:42:28,199]  INFO {org.wso2.carbon.automation.core.UserPopulator:124} -  User testuser7 was created successfully
[2014-09-23 12:42:28,230]  INFO {org.wso2.carbon.automation.core.UserPopulator:124} -  User testuser8 was created successfully
[2014-09-23 12:42:28,260]  INFO {org.wso2.carbon.automation.core.UserPopulator:124} -  User testuser9 was created successfully
[2014-09-23 12:42:28,291]  INFO {org.wso2.carbon.automation.core.UserPopulator:124} -  User testuser10 was created successfully
[2014-09-23 12:42:28,328]  INFO {org.wso2.carbon.automation.core.UserPopulator:124} -  User testuser11 was created successfully
[2014-09-23 12:42:28,359]  INFO {org.wso2.carbon.automation.core.UserPopulator:124} -  User testuser12 was created successfully
[2014-09-23 12:42:28,397]  INFO {org.wso2.carbon.automation.core.UserPopulator:124} -  User testuser13 was created successfully
[2014-09-23 12:42:28,429]  INFO {org.wso2.carbon.automation.core.UserPopulator:124} -  User testuser14 was created successfully
[2014-09-23 12:42:28,469]  INFO {org.wso2.carbon.automation.core.UserPopulator:124} -  User testuser15 was created successfully
[2014-09-23 12:42:28,470]  INFO {org.wso2.carbon.automation.core.PlatformTestManager:102} -  --------------Start executing test class Meetup-Connector-Test on suiteESBTestSuite--------
[2014-09-23 12:42:28,583]  INFO {org.wso2.carbon.automation.core.utils.coreutils.InputStreamHandler:70} -  [2014-09-23 12:42:28,583]  INFO - CarbonAuthenticationUtil 'testuser2@carbon.super [-1234]' logged in at [2014-09-23 12:42:28,583+0530]
[2014-09-23 12:42:28,586]  INFO {org.wso2.carbon.automation.api.clients.authenticators.AuthenticatorClient:64} -  Login Successful
[2014-09-23 12:42:28,603]  INFO {org.apache.axis2.deployment.DeploymentEngine:1095} -  No services directory was found under /Users/inshaf/GitHub/ESBConnectors/org.wso2.carbon.connector/src/test/resources/client.
[2014-09-23 12:42:28,782]  INFO {org.wso2.carbon.automation.core.utils.coreutils.InputStreamHandler:70} -  [2014-09-23 12:42:28,782]  INFO - CarbonAuthenticationUtil 'admin@carbon.super [-1234]' logged in at [2014-09-23 12:42:28,782+0530]
[2014-09-23 12:42:28,810]  INFO {org.wso2.carbon.connector.integration.test.meetup.events.EventsIntegrationTest:84} -  Sleeping for 15 seconds while waiting for synapse import
[2014-09-23 12:42:34,374]  INFO {org.wso2.carbon.automation.core.utils.coreutils.InputStreamHandler:70} -  [2014-09-23 12:42:34,374]  INFO - LibraryArtifactDeployer Synapse Library named '{org.wso2.carbon.connector}meetup' has been deployed from file : /Users/inshaf/GitHub/ESBConnectors/org.wso2.carbon.connector/target/carbontmp1411456311105/wso2esb-4.8.1/repository/deployment/server/synapse-libs/meetup.zip
[2014-09-23 12:42:43,819]  INFO {org.wso2.carbon.automation.core.utils.coreutils.InputStreamHandler:70} -  [2014-09-23 12:42:43,819]  INFO - SynapseImportFactory Successfully created Synapse Import: meetup
[2014-09-23 12:42:44,491]  INFO {org.wso2.carbon.automation.core.PlatformTestManager:46} -  Running the test method --- org.wso2.carbon.connector.integration.test.meetup.events.EventsIntegrationTest.testPostEventsByIDWithOptionalParameters ----
[2014-09-23 12:42:44,551]  INFO {org.wso2.carbon.automation.core.utils.coreutils.InputStreamHandler:70} -  [2014-09-23 12:42:44,551]  INFO - ProxyService Building Axis service for Proxy service : events_post_events_by_id
[2014-09-23 12:42:44,553]  INFO {org.wso2.carbon.automation.core.utils.coreutils.InputStreamHandler:70} -  [2014-09-23 12:42:44,553]  INFO - ProxyService Adding service events_post_events_by_id to the Axis2 configuration
[2014-09-23 12:42:44,560]  INFO {org.wso2.carbon.automation.core.utils.coreutils.InputStreamHandler:70} -  [2014-09-23 12:42:44,560]  INFO - DeploymentInterceptor Deploying Axis2 service: events_post_events_by_id {super-tenant}
[2014-09-23 12:42:44,601]  INFO {org.wso2.carbon.automation.core.utils.coreutils.InputStreamHandler:70} -  [2014-09-23 12:42:44,600]  INFO - ProxyService Successfully created the Axis2 service for Proxy service : events_post_events_by_id
[2014-09-23 12:42:44,617]  INFO {org.wso2.carbon.automation.api.clients.proxy.admin.ProxyServiceAdminClient:131} -  Proxy Added
[2014-09-23 12:42:44,686]  INFO {org.wso2.carbon.automation.core.utils.coreutils.InputStreamHandler:70} -  [2014-09-23 12:42:44,686] ERROR - SynapseJsonPath #stringValueOf. Error evaluating JSON Path <$.host_instructions>. Returning empty result. Error>>> invalid path
[2014-09-23 12:42:44,688]  INFO {org.wso2.carbon.automation.core.utils.coreutils.InputStreamHandler:70} -  [2014-09-23 12:42:44,688] ERROR - SynapseJsonPath #stringValueOf. Error evaluating JSON Path <$.hosts>. Returning empty result. Error>>> invalid path
[2014-09-23 12:42:44,688]  INFO {org.wso2.carbon.automation.core.utils.coreutils.InputStreamHandler:70} -  [2014-09-23 12:42:44,688] ERROR - SynapseJsonPath #stringValueOf. Error evaluating JSON Path <$.how_to_find_us>. Returning empty result. Error>>> invalid path
[2014-09-23 12:42:44,689]  INFO {org.wso2.carbon.automation.core.utils.coreutils.InputStreamHandler:70} -  [2014-09-23 12:42:44,689] ERROR - SynapseJsonPath #stringValueOf. Error evaluating JSON Path <$.publish_status>. Returning empty result. Error>>> invalid path
[2014-09-23 12:42:44,689]  INFO {org.wso2.carbon.automation.core.utils.coreutils.InputStreamHandler:70} -  [2014-09-23 12:42:44,689] ERROR - SynapseJsonPath #stringValueOf. Error evaluating JSON Path <$.rsvp_alerts>. Returning empty result. Error>>> invalid path
[2014-09-23 12:42:44,690]  INFO {org.wso2.carbon.automation.core.utils.coreutils.InputStreamHandler:70} -  [2014-09-23 12:42:44,690] ERROR - SynapseJsonPath #stringValueOf. Error evaluating JSON Path <$.rsvp_close>. Returning empty result. Error>>> invalid path
[2014-09-23 12:42:44,690]  INFO {org.wso2.carbon.automation.core.utils.coreutils.InputStreamHandler:70} -  [2014-09-23 12:42:44,690] ERROR - SynapseJsonPath #stringValueOf. Error evaluating JSON Path <$.rsvp_limit>. Returning empty result. Error>>> invalid path
[2014-09-23 12:42:44,691]  INFO {org.wso2.carbon.automation.core.utils.coreutils.InputStreamHandler:70} -  [2014-09-23 12:42:44,691] ERROR - SynapseJsonPath #stringValueOf. Error evaluating JSON Path <$.rsvp_open>. Returning empty result. Error>>> invalid path
[2014-09-23 12:42:44,691]  INFO {org.wso2.carbon.automation.core.utils.coreutils.InputStreamHandler:70} -  [2014-09-23 12:42:44,691] ERROR - SynapseJsonPath #stringValueOf. Error evaluating JSON Path <$.simple_html_description>. Returning empty result. Error>>> invalid path
[2014-09-23 12:42:44,692]  INFO {org.wso2.carbon.automation.core.utils.coreutils.InputStreamHandler:70} -  [2014-09-23 12:42:44,692] ERROR - SynapseJsonPath #stringValueOf. Error evaluating JSON Path <$.time>. Returning empty result. Error>>> invalid path
[2014-09-23 12:42:44,692]  INFO {org.wso2.carbon.automation.core.utils.coreutils.InputStreamHandler:70} -  [2014-09-23 12:42:44,692] ERROR - SynapseJsonPath #stringValueOf. Error evaluating JSON Path <$.venue_id>. Returning empty result. Error>>> invalid path
[2014-09-23 12:42:44,693]  INFO {org.wso2.carbon.automation.core.utils.coreutils.InputStreamHandler:70} -  [2014-09-23 12:42:44,693] ERROR - SynapseJsonPath #stringValueOf. Error evaluating JSON Path <$.venue_visibility>. Returning empty result. Error>>> invalid path
[2014-09-23 12:42:44,693]  INFO {org.wso2.carbon.automation.core.utils.coreutils.InputStreamHandler:70} -  [2014-09-23 12:42:44,693] ERROR - SynapseJsonPath #stringValueOf. Error evaluating JSON Path <$.waitlisting>. Returning empty result. Error>>> invalid path
[2014-09-23 12:42:44,694]  INFO {org.wso2.carbon.automation.core.utils.coreutils.InputStreamHandler:70} -  [2014-09-23 12:42:44,694] ERROR - SynapseJsonPath #stringValueOf. Error evaluating JSON Path <$.why>. Returning empty result. Error>>> invalid path
[2014-09-23 12:42:44,704]  INFO {org.wso2.carbon.automation.core.utils.coreutils.InputStreamHandler:70} -  [2014-09-23 12:42:44,703]  INFO - LogMediator string = key - 6b7a263772421320384d4b483b7b2f31
[2014-09-23 12:42:44,704]  INFO {org.wso2.carbon.automation.core.utils.coreutils.InputStreamHandler:70} -  [2014-09-23 12:42:44,704]  INFO - LogMediator string = group_id - 17021192
[2014-09-23 12:42:44,704]  INFO {org.wso2.carbon.automation.core.utils.coreutils.InputStreamHandler:70} -  [2014-09-23 12:42:44,704]  INFO - LogMediator string = event_id - 208950512
[2014-09-23 12:42:44,704]  INFO {org.wso2.carbon.automation.core.utils.coreutils.InputStreamHandler:70} -  [2014-09-23 12:42:44,704]  INFO - LogMediator string = name - JAVAEE, SE, ME Edited
[2014-09-23 12:42:44,712]  INFO {org.wso2.carbon.automation.core.utils.coreutils.InputStreamHandler:70} -  [2014-09-23 12:42:44,712]  INFO - TimeoutHandler This engine will expire all callbacks after : 120 seconds, irrespective of the timeout action, after the specified or optional timeout
[2014-09-23 12:42:45,919]  INFO {org.wso2.carbon.automation.core.utils.coreutils.InputStreamHandler:70} -  [2014-09-23 12:42:45,919]  INFO - DeploymentInterceptor Removing Axis2 Service: events_post_events_by_id {super-tenant}
[2014-09-23 12:42:45,941]  INFO {org.wso2.carbon.automation.api.clients.proxy.admin.ProxyServiceAdminClient:162} -  Proxy Deleted
[2014-09-23 12:42:45,943] ERROR {org.wso2.carbon.automation.core.PlatformTestManager:68} -  On Test failure..
[2014-09-23 12:42:45,944] ERROR {org.wso2.carbon.automation.core.PlatformTestManager:69} -  java.lang.AssertionError: expected:<true> but was:<false>
[2014-09-23 12:42:45,944]  INFO {org.wso2.carbon.automation.core.PlatformTestManager:70} -  --------------Tests Failed org.wso2.carbon.connector.integration.test.meetup.events.EventsIntegrationTest.testPostEventsByIDWithOptionalParameters--------
[2014-09-23 12:42:45,955]  INFO {org.wso2.carbon.automation.core.PlatformTestManager:129} -  --------------Finishing executing test class Meetup-Connector-Test on suiteESBTestSuite--------
[2014-09-23 12:42:45,959]  INFO {org.wso2.carbon.automation.core.PlatformSuiteManager:134} -  ***********Finishing executing test Suite ESBTestSuite on user*******
[2014-09-23 12:42:45,959]  INFO {org.wso2.carbon.automation.core.PlatformExecutionManager:176} -  ---------------Test Execution Finished --------------------------
[2014-09-23 12:42:45,960]  INFO {org.wso2.carbon.automation.core.utils.ClientConnectionUtil:139} -  Successfully connected to the server on port 9443
[2014-09-23 12:42:45,961]  INFO {org.wso2.carbon.automation.core.utils.serverutils.ServerUtils:218} -  Shutting down the server running on : https://localhost:9443/services/
[2014-09-23 12:42:46,027]  INFO {org.wso2.carbon.automation.core.utils.coreutils.InputStreamHandler:70} -  [2014-09-23 12:42:46,027]  INFO - CarbonAuthenticationUtil 'admin@carbon.super [-1234]' logged in at [2014-09-23 12:42:46,026+0530]
[2014-09-23 12:42:47,030]  INFO {org.wso2.carbon.automation.core.utils.coreutils.InputStreamHandler:70} -  [2014-09-23 12:42:47,030]  INFO - CarbonServerManager Shutting down WSO2 Enterprise Service Bus...
[2014-09-23 12:42:47,030]  INFO {org.wso2.carbon.automation.core.utils.coreutils.InputStreamHandler:70} -  [2014-09-23 12:42:47,030]  INFO - CarbonServerManager Shutting down OSGi framework...
[2014-09-23 12:42:47,105]  INFO {org.wso2.carbon.automation.core.utils.coreutils.InputStreamHandler:70} -  [2014-09-23 12:42:47,104]  INFO - SynapseTaskManager Shutting down the task manager
[2014-09-23 12:42:49,331]  INFO {org.wso2.carbon.automation.core.utils.coreutils.InputStreamHandler:70} -  [2014-09-23 12:42:49,331]  INFO - CarbonServerManager Stopping CarbonServerManager...
[2014-09-23 12:42:49,333]  INFO {org.wso2.carbon.automation.core.utils.coreutils.InputStreamHandler:70} -  [2014-09-23 12:42:49,333]  INFO - PassThroughHttpSSLListener Stopping Pass-through HTTPS Listener..
[2014-09-23 12:42:49,334]  INFO {org.wso2.carbon.automation.core.utils.coreutils.InputStreamHandler:70} -  [2014-09-23 12:42:49,334]  INFO - PassThroughHttpListener Stopping Pass-through HTTP Listener..
[2014-09-23 12:42:49,335]  INFO {org.wso2.carbon.automation.core.utils.coreutils.InputStreamHandler:70} -  [2014-09-23 12:42:49,334]  INFO - PassThroughHttpSSLListener HTTPS Listener shutdown.
[2014-09-23 12:42:49,335]  INFO {org.wso2.carbon.automation.core.utils.coreutils.InputStreamHandler:70} -  [2014-09-23 12:42:49,335]  INFO - PassThroughHttpListener HTTP Listener shutdown.
[2014-09-23 12:42:49,335]  INFO {org.wso2.carbon.automation.core.utils.coreutils.InputStreamHandler:70} -  [2014-09-23 12:42:49,335]  INFO - PassThroughHttpSSLSender HTTPS Sender shutdown
[2014-09-23 12:42:49,336]  INFO {org.wso2.carbon.automation.core.utils.coreutils.InputStreamHandler:70} -  [2014-09-23 12:42:49,336]  INFO - PassThroughHttpSender HTTP Sender shutdown
[2014-09-23 12:42:49,336]  INFO {org.wso2.carbon.automation.core.utils.coreutils.InputStreamHandler:70} -  [2014-09-23 12:42:49,336]  INFO - PassThroughHttpSSLListener Destroying PassThroughHttpListener
[2014-09-23 12:42:49,336]  INFO {org.wso2.carbon.automation.core.utils.coreutils.InputStreamHandler:70} -  [2014-09-23 12:42:49,336]  INFO - PassThroughHttpListener Destroying PassThroughHttpListener
[2014-09-23 12:42:49,609]  INFO {org.wso2.carbon.automation.core.utils.coreutils.InputStreamHandler:70} -  [2014-09-23 12:42:49,609]  INFO - CarbonTomcatServiceComponent Stopping the carbon web-app registered under : /
[2014-09-23 12:42:49,872]  INFO {org.wso2.carbon.automation.core.utils.coreutils.InputStreamHandler:70} -  [2014-09-23 12:42:49,861]  INFO - CarbonServerManager Shutdown complete
[2014-09-23 12:42:49,872]  INFO {org.wso2.carbon.automation.core.utils.coreutils.InputStreamHandler:70} -  [2014-09-23 12:42:49,861]  INFO - CarbonServerManager Halting JVM
[2014-09-23 12:42:49,872]  INFO {org.wso2.carbon.automation.core.utils.serverutils.ServerUtils:196} -  Server stopped successfully...
[2014-09-23 12:42:49,873]  INFO {org.wso2.carbon.automation.core.utils.coreutils.CodeCoverageUtils:249} -  Generating code coverage report ...
[2014-09-23 12:43:05,080]  INFO {org.wso2.carbon.automation.core.utils.coreutils.CodeCoverageUtils:286} -  Including Coverage EC file -/Users/inshaf/GitHub/ESBConnectors/org.wso2.carbon.connector/target/carbontmp1411456311105/wso2esb-4.8.1/coverage.ec
[2014-09-23 12:43:05,080]  INFO {org.wso2.carbon.automation.core.utils.coreutils.CodeCoverageUtils:293} -  Including coverage EM file -/Users/inshaf/GitHub/ESBConnectors/org.wso2.carbon.connector/target/coverage.em
[2014-09-23 12:43:06,092]  INFO {org.wso2.carbon.automation.core.utils.coreutils.CodeCoverageUtils:302} -  Emma report generation completed
[2014-09-23 12:43:06,092]  INFO {org.wso2.carbon.automation.core.utils.axis2serverutils.SampleAxis2Server:96} -  Stopping sample Axis2 server
[2014-09-23 12:43:06,094]  INFO {org.apache.synapse.transport.nhttp.HttpCoreNIOListener:301} -  HTTP Listener Shutdown
[2014-09-23 12:43:06,095]  INFO {org.apache.synapse.transport.nhttp.HttpCoreNIOSender:219} -  HTTP Sender Shutdown
[2014-09-23 12:43:06,117]  INFO {org.wso2.carbon.automation.core.PlatformReportManager:44} -  ----/Users/inshaf/GitHub/ESBConnectors/org.wso2.carbon.connector/target/surefire-reports/ESBTestSuite---------
[2014-09-23 12:43:06,140]  INFO {org.wso2.carbon.automation.core.utils.serverutils.ServerUtils:125} -  Shutting down server..
[2014-09-23 12:44:33,509]  INFO {org.wso2.carbon.automation.core.PlatformExecutionManager:65} -  ---------------Test Execution Started --------------------------
[2014-09-23 12:44:33,525]  INFO {org.wso2.carbon.automation.core.ServerGroupManager:78} -  Carbon zip file - /Users/inshaf/GitHub/ESBConnectors/org.wso2.carbon.connector/repository/wso2esb-4.8.1.zip
[2014-09-23 12:44:36,911]  INFO {org.wso2.carbon.automation.core.ServerGroupManager:333} -  Copying /Users/inshaf/GitHub/ESBConnectors/org.wso2.carbon.connector/target/security-verifier/SecVerifier.aar => /Users/inshaf/GitHub/ESBConnectors/org.wso2.carbon.connector/target/carbontmp1411456473531/wso2esb-4.8.1/repository/deployment/server/axis2services/SecVerifier.aar
[2014-09-23 12:44:37,010]  INFO {org.wso2.carbon.automation.core.utils.coreutils.CodeCoverageUtils:121} -  Instrumentation of jar files in progress ...
[2014-09-23 12:44:43,491]  INFO {org.wso2.carbon.automation.core.utils.coreutils.CodeCoverageUtils:159} -  Instrumented 85 files.
[2014-09-23 12:44:43,492]  INFO {org.wso2.carbon.automation.core.utils.serverutils.ServerUtils:82} -  Starting server............. 
[2014-09-23 12:44:43,571]  INFO {org.wso2.carbon.automation.core.utils.coreutils.InputStreamHandler:70} -  JAVA_HOME environment variable is set to /Library/Java/JavaVirtualMachines/jdk1.7.0_67.jdk/Contents/Home
[2014-09-23 12:44:43,571]  INFO {org.wso2.carbon.automation.core.utils.coreutils.InputStreamHandler:70} -  CARBON_HOME environment variable is set to /Users/inshaf/GitHub/ESBConnectors/org.wso2.carbon.connector/target/carbontmp1411456473531/wso2esb-4.8.1
[2014-09-23 12:44:44,326]  INFO {org.wso2.carbon.automation.core.utils.coreutils.InputStreamHandler:70} -  [2014-09-23 12:44:44,326]  INFO {org.wso2.carbon.server.extensions.PatchInstaller} -  Patch changes detected 
[2014-09-23 12:44:44,790]  INFO {org.wso2.carbon.automation.core.utils.coreutils.InputStreamHandler:70} -  [2014-09-23 12:44:44,790]  INFO {org.wso2.carbon.server.util.PatchUtils.console} -  Backed up plugins to patch0000
[2014-09-23 12:44:45,411]  INFO {org.wso2.carbon.automation.core.utils.coreutils.InputStreamHandler:70} -  [2014-09-23 12:44:45,411]  INFO {org.wso2.carbon.server.util.PatchUtils.console} -  Patch verification started
[2014-09-23 12:44:45,714]  INFO {org.wso2.carbon.automation.core.utils.coreutils.InputStreamHandler:70} -  [2014-09-23 12:44:45,714]  INFO {org.wso2.carbon.server.util.PatchUtils.console} -  Patch verification successfully completed without encountering any issues.
[2014-09-23 12:44:50,432]  INFO {org.wso2.carbon.automation.core.utils.coreutils.InputStreamHandler:70} -  [2014-09-23 12:44:50,432]  INFO - CarbonCoreActivator Starting WSO2 Carbon...
[2014-09-23 12:44:50,435]  INFO {org.wso2.carbon.automation.core.utils.coreutils.InputStreamHandler:70} -  [2014-09-23 12:44:50,435]  INFO - CarbonCoreActivator Operating System : Mac OS X 10.9, x86_64
[2014-09-23 12:44:50,435]  INFO {org.wso2.carbon.automation.core.utils.coreutils.InputStreamHandler:70} -  [2014-09-23 12:44:50,435]  INFO - CarbonCoreActivator Java Home        : /Library/Java/JavaVirtualMachines/jdk1.7.0_67.jdk/Contents/Home/jre
[2014-09-23 12:44:50,435]  INFO {org.wso2.carbon.automation.core.utils.coreutils.InputStreamHandler:70} -  [2014-09-23 12:44:50,435]  INFO - CarbonCoreActivator Java Version     : 1.7.0_67
[2014-09-23 12:44:50,435]  INFO {org.wso2.carbon.automation.core.utils.coreutils.InputStreamHandler:70} -  [2014-09-23 12:44:50,435]  INFO - CarbonCoreActivator Java VM          : Java HotSpot(TM) 64-Bit Server VM 24.65-b04,Oracle Corporation
[2014-09-23 12:44:50,436]  INFO {org.wso2.carbon.automation.core.utils.coreutils.InputStreamHandler:70} -  [2014-09-23 12:44:50,435]  INFO - CarbonCoreActivator Carbon Home      : /Users/inshaf/GitHub/ESBConnectors/org.wso2.carbon.connector/target/carbontmp1411456473531/wso2esb-4.8.1
[2014-09-23 12:44:50,436]  INFO {org.wso2.carbon.automation.core.utils.coreutils.InputStreamHandler:70} -  [2014-09-23 12:44:50,435]  INFO - CarbonCoreActivator Java Temp Dir    : /Users/inshaf/GitHub/ESBConnectors/org.wso2.carbon.connector/target/carbontmp1411456473531/wso2esb-4.8.1/tmp
[2014-09-23 12:44:50,436]  INFO {org.wso2.carbon.automation.core.utils.coreutils.InputStreamHandler:70} -  [2014-09-23 12:44:50,435]  INFO - CarbonCoreActivator User             : inshaf, en-US, Asia/Colombo
[2014-09-23 12:44:50,532]  INFO {org.wso2.carbon.automation.core.utils.coreutils.InputStreamHandler:70} -  [2014-09-23 12:44:50,532]  WARN - ValidationResultPrinter The default keystore (wso2carbon.jks) is currently being used. To maximize security when deploying to a production environment, configure a new keystore with a unique password in the production server profile.
[2014-09-23 12:44:50,533]  INFO {org.wso2.carbon.automation.core.utils.coreutils.InputStreamHandler:70} -  [2014-09-23 12:44:50,533]  WARN - ValidationResultPrinter Swap Memory size (MB): 1024 of the system is below the recommended minimum size :2048
[2014-09-23 12:44:50,540]  INFO {org.wso2.carbon.automation.core.utils.coreutils.InputStreamHandler:70} -  [2014-09-23 12:44:50,540]  INFO - AgentHolder Agent created !
[2014-09-23 12:44:50,557]  INFO {org.wso2.carbon.automation.core.utils.coreutils.InputStreamHandler:70} -  [2014-09-23 12:44:50,557]  INFO - AgentDS Successfully deployed Agent Client
[2014-09-23 12:44:52,460]  INFO {org.wso2.carbon.automation.core.utils.coreutils.InputStreamHandler:70} -  [2014-09-23 12:44:52,460]  INFO - EmbeddedRegistryService Configured Registry in 106ms
[2014-09-23 12:44:52,797]  INFO {org.wso2.carbon.automation.core.utils.coreutils.InputStreamHandler:70} -  [2014-09-23 12:44:52,796]  INFO - RegistryCoreServiceComponent Registry Mode    : READ-WRITE
[2014-09-23 12:44:53,273]  INFO {org.wso2.carbon.automation.core.utils.coreutils.InputStreamHandler:70} -  [2014-09-23 12:44:53,273]  INFO - UserStoreMgtDSComponent Carbon UserStoreMgtDSComponent activated successfully.
[2014-09-23 12:44:58,379]  INFO {org.wso2.carbon.automation.core.utils.coreutils.InputStreamHandler:70} -  [2014-09-23 12:44:58,379]  INFO - TaglibUriRule TLD skipped. URI: http://tiles.apache.org/tags-tiles is already defined
[2014-09-23 12:44:59,287]  INFO {org.wso2.carbon.automation.core.utils.coreutils.InputStreamHandler:70} -  [2014-09-23 12:44:59,286]  INFO - ClusterBuilder Clustering has been disabled
[2014-09-23 12:44:59,770]  INFO {org.wso2.carbon.automation.core.utils.coreutils.InputStreamHandler:70} -  [2014-09-23 12:44:59,769]  INFO - LandingPageWebappDeployer Deployed product landing page webapp: StandardEngine[Catalina].StandardHost[localhost].StandardContext[/home]
[2014-09-23 12:44:59,770]  INFO {org.wso2.carbon.automation.core.utils.coreutils.InputStreamHandler:70} -  [2014-09-23 12:44:59,770]  INFO - UserStoreConfigurationDeployer User Store Configuration Deployer initiated.
[2014-09-23 12:44:59,818]  INFO {org.wso2.carbon.automation.core.utils.coreutils.InputStreamHandler:70} -  [2014-09-23 12:44:59,817]  INFO - PassThroughHttpSSLSender Initializing Pass-through HTTP/S Sender...
[2014-09-23 12:44:59,834]  INFO {org.wso2.carbon.automation.core.utils.coreutils.InputStreamHandler:70} -  [2014-09-23 12:44:59,834]  INFO - ClientConnFactoryBuilder HTTPS Loading Identity Keystore from : repository/resources/security/wso2carbon.jks
[2014-09-23 12:44:59,838]  INFO {org.wso2.carbon.automation.core.utils.coreutils.InputStreamHandler:70} -  [2014-09-23 12:44:59,838]  INFO - ClientConnFactoryBuilder HTTPS Loading Trust Keystore from : repository/resources/security/client-truststore.jks
[2014-09-23 12:44:59,874]  INFO {org.wso2.carbon.automation.core.utils.coreutils.InputStreamHandler:70} -  [2014-09-23 12:44:59,873]  INFO - PassThroughHttpSSLSender Pass-through HTTPS Sender started...
[2014-09-23 12:44:59,874]  INFO {org.wso2.carbon.automation.core.utils.coreutils.InputStreamHandler:70} -  [2014-09-23 12:44:59,874]  INFO - PassThroughHttpSender Initializing Pass-through HTTP/S Sender...
[2014-09-23 12:44:59,875]  INFO {org.wso2.carbon.automation.core.utils.coreutils.InputStreamHandler:70} -  [2014-09-23 12:44:59,875]  INFO - PassThroughHttpSender Pass-through HTTP Sender started...
[2014-09-23 12:44:59,927]  INFO {org.wso2.carbon.automation.core.utils.coreutils.InputStreamHandler:70} -  [2014-09-23 12:44:59,927]  INFO - DeploymentInterceptor Deploying Axis2 service: echo {super-tenant}
[2014-09-23 12:45:00,011]  INFO {org.wso2.carbon.automation.core.utils.coreutils.InputStreamHandler:70} -  [2014-09-23 12:45:00,010]  INFO - DeploymentEngine Deploying Web service: Echo.aar - file:/Users/inshaf/GitHub/ESBConnectors/org.wso2.carbon.connector/target/carbontmp1411456473531/wso2esb-4.8.1/repository/deployment/server/axis2services/Echo.aar
[2014-09-23 12:45:00,351]  INFO {org.wso2.carbon.automation.core.utils.coreutils.InputStreamHandler:70} -  [2014-09-23 12:45:00,351]  INFO - DeploymentInterceptor Deploying Axis2 service: SecurityVerifierService {super-tenant}
[2014-09-23 12:45:00,448]  INFO {org.wso2.carbon.automation.core.utils.coreutils.InputStreamHandler:70} -  [2014-09-23 12:45:00,448]  INFO - DeploymentEngine Deploying Web service: SecVerifier.aar - file:/Users/inshaf/GitHub/ESBConnectors/org.wso2.carbon.connector/target/carbontmp1411456473531/wso2esb-4.8.1/repository/deployment/server/axis2services/SecVerifier.aar
[2014-09-23 12:45:00,520]  INFO {org.wso2.carbon.automation.core.utils.coreutils.InputStreamHandler:70} -  [2014-09-23 12:45:00,520]  INFO - DeploymentInterceptor Deploying Axis2 service: Version {super-tenant}
[2014-09-23 12:45:00,541]  INFO {org.wso2.carbon.automation.core.utils.coreutils.InputStreamHandler:70} -  [2014-09-23 12:45:00,540]  INFO - DeploymentEngine Deploying Web service: Version.aar - file:/Users/inshaf/GitHub/ESBConnectors/org.wso2.carbon.connector/target/carbontmp1411456473531/wso2esb-4.8.1/repository/deployment/server/axis2services/Version.aar
[2014-09-23 12:45:00,553]  INFO {org.wso2.carbon.automation.core.utils.coreutils.InputStreamHandler:70} -  [2014-09-23 12:45:00,553]  INFO - PassThroughHttpSSLListener Initializing Pass-through HTTP/S Listener...
[2014-09-23 12:45:00,571]  INFO {org.wso2.carbon.automation.core.utils.coreutils.InputStreamHandler:70} -  [2014-09-23 12:45:00,571]  INFO - PassThroughHttpListener Initializing Pass-through HTTP/S Listener...
[2014-09-23 12:45:00,618]  INFO {org.wso2.carbon.automation.core.utils.coreutils.InputStreamHandler:70} -  [2014-09-23 12:45:00,618]  INFO - ModuleDeployer Deploying module: addressing-1.6.1-wso2v10 - file:/Users/inshaf/GitHub/ESBConnectors/org.wso2.carbon.connector/target/carbontmp1411456473531/wso2esb-4.8.1/repository/deployment/client/modules/addressing-1.6.1-wso2v10.mar
[2014-09-23 12:45:00,622]  INFO {org.wso2.carbon.automation.core.utils.coreutils.InputStreamHandler:70} -  [2014-09-23 12:45:00,622]  INFO - ModuleDeployer Deploying module: rampart-1.6.1-wso2v8 - file:/Users/inshaf/GitHub/ESBConnectors/org.wso2.carbon.connector/target/carbontmp1411456473531/wso2esb-4.8.1/repository/deployment/client/modules/rampart-1.6.1-wso2v8.mar
[2014-09-23 12:45:00,628]  INFO {org.wso2.carbon.automation.core.utils.coreutils.InputStreamHandler:70} -  [2014-09-23 12:45:00,628]  INFO - TCPTransportSender TCP Sender started
[2014-09-23 12:45:01,495]  INFO {org.wso2.carbon.automation.core.utils.coreutils.InputStreamHandler:70} -  [2014-09-23 12:45:01,494]  INFO - DeploymentEngine Deploying Web service: org.wso2.carbon.message.processor - 
[2014-09-23 12:45:01,513]  INFO {org.wso2.carbon.automation.core.utils.coreutils.InputStreamHandler:70} -  [2014-09-23 12:45:01,513]  INFO - DeploymentEngine Deploying Web service: org.wso2.carbon.message.store - 
[2014-09-23 12:45:02,288]  INFO {org.wso2.carbon.automation.core.utils.coreutils.InputStreamHandler:70} -  [2014-09-23 12:45:02,287]  INFO - DeploymentInterceptor Deploying Axis2 service: wso2carbon-sts {super-tenant}
[2014-09-23 12:45:02,342]  INFO {org.wso2.carbon.automation.core.utils.coreutils.InputStreamHandler:70} -  [2014-09-23 12:45:02,342]  INFO - DeploymentEngine Deploying Web service: org.wso2.carbon.sts - 
[2014-09-23 12:45:02,521]  INFO {org.wso2.carbon.automation.core.utils.coreutils.InputStreamHandler:70} -  [2014-09-23 12:45:02,521]  INFO - DeploymentEngine Deploying Web service: org.wso2.carbon.tryit - 
[2014-09-23 12:45:02,736]  INFO {org.wso2.carbon.automation.core.utils.coreutils.InputStreamHandler:70} -  [2014-09-23 12:45:02,736]  INFO - CarbonServerManager Repository       : /Users/inshaf/GitHub/ESBConnectors/org.wso2.carbon.connector/target/carbontmp1411456473531/wso2esb-4.8.1/repository/deployment/server/
[2014-09-23 12:45:02,897]  INFO {org.wso2.carbon.automation.core.utils.coreutils.InputStreamHandler:70} -  [2014-09-23 12:45:02,897]  INFO - PermissionUpdater Permission cache updated for tenant -1234
[2014-09-23 12:45:02,958]  INFO {org.wso2.carbon.automation.core.utils.coreutils.InputStreamHandler:70} -  [2014-09-23 12:45:02,958]  INFO - ServiceBusInitializer Starting ESB...
[2014-09-23 12:45:02,973]  INFO {org.wso2.carbon.automation.core.utils.coreutils.InputStreamHandler:70} -  [2014-09-23 12:45:02,973]  INFO - ServiceBusInitializer Initializing Apache Synapse...
[2014-09-23 12:45:02,978]  INFO {org.wso2.carbon.automation.core.utils.coreutils.InputStreamHandler:70} -  [2014-09-23 12:45:02,978]  INFO - SynapseControllerFactory Using Synapse home : /Users/inshaf/GitHub/ESBConnectors/org.wso2.carbon.connector/target/carbontmp1411456473531/wso2esb-4.8.1/.
[2014-09-23 12:45:02,978]  INFO {org.wso2.carbon.automation.core.utils.coreutils.InputStreamHandler:70} -  [2014-09-23 12:45:02,978]  INFO - SynapseControllerFactory Using synapse.xml location : /Users/inshaf/GitHub/ESBConnectors/org.wso2.carbon.connector/target/carbontmp1411456473531/wso2esb-4.8.1/././repository/deployment/server/synapse-configs/default
[2014-09-23 12:45:02,978]  INFO {org.wso2.carbon.automation.core.utils.coreutils.InputStreamHandler:70} -  [2014-09-23 12:45:02,978]  INFO - SynapseControllerFactory Using server name : localhost
[2014-09-23 12:45:02,984]  INFO {org.wso2.carbon.automation.core.utils.coreutils.InputStreamHandler:70} -  [2014-09-23 12:45:02,984]  INFO - SynapseControllerFactory The timeout handler will run every : 15s
[2014-09-23 12:45:02,994]  INFO {org.wso2.carbon.automation.core.utils.coreutils.InputStreamHandler:70} -  [2014-09-23 12:45:02,994]  INFO - Axis2SynapseController Initializing Synapse at : Tue Sep 23 12:45:02 IST 2014
[2014-09-23 12:45:02,997]  INFO {org.wso2.carbon.automation.core.utils.coreutils.InputStreamHandler:70} -  [2014-09-23 12:45:02,997]  INFO - CarbonSynapseController Loading the mediation configuration from the file system
[2014-09-23 12:45:03,000]  INFO {org.wso2.carbon.automation.core.utils.coreutils.InputStreamHandler:70} -  [2014-09-23 12:45:03,000]  INFO - MultiXMLConfigurationBuilder Building synapse configuration from the synapse artifact repository at : ././repository/deployment/server/synapse-configs/default
[2014-09-23 12:45:03,001]  INFO {org.wso2.carbon.automation.core.utils.coreutils.InputStreamHandler:70} -  [2014-09-23 12:45:03,001]  INFO - XMLConfigurationBuilder Generating the Synapse configuration model by parsing the XML configuration
[2014-09-23 12:45:03,082]  INFO {org.wso2.carbon.automation.core.utils.coreutils.InputStreamHandler:70} -  [2014-09-23 12:45:03,082]  INFO - SynapseConfigurationBuilder Loaded Synapse configuration from the artifact repository at : ././repository/deployment/server/synapse-configs/default
[2014-09-23 12:45:03,087]  INFO {org.wso2.carbon.automation.core.utils.coreutils.InputStreamHandler:70} -  [2014-09-23 12:45:03,086]  INFO - Axis2SynapseController Loading mediator extensions...
[2014-09-23 12:45:03,087]  INFO {org.wso2.carbon.automation.core.utils.coreutils.InputStreamHandler:70} -  [2014-09-23 12:45:03,087]  INFO - Axis2SynapseController Deploying the Synapse service...
[2014-09-23 12:45:03,089]  INFO {org.wso2.carbon.automation.core.utils.coreutils.InputStreamHandler:70} -  [2014-09-23 12:45:03,089]  INFO - Axis2SynapseController Deploying Proxy services...
[2014-09-23 12:45:03,090]  INFO {org.wso2.carbon.automation.core.utils.coreutils.InputStreamHandler:70} -  [2014-09-23 12:45:03,089]  INFO - Axis2SynapseController Deploying EventSources...
[2014-09-23 12:45:03,098]  INFO {org.wso2.carbon.automation.core.utils.coreutils.InputStreamHandler:70} -  [2014-09-23 12:45:03,098]  INFO - ServerManager Server ready for processing...
[2014-09-23 12:45:03,152]  INFO {org.wso2.carbon.automation.core.utils.coreutils.InputStreamHandler:70} -  [2014-09-23 12:45:03,152]  INFO - MediationStatisticsComponent Statistic Reporter is Disabled
[2014-09-23 12:45:03,152]  INFO {org.wso2.carbon.automation.core.utils.coreutils.InputStreamHandler:70} -  [2014-09-23 12:45:03,152]  INFO - MediationStatisticsComponent Can't register an observer for mediationStatisticsStore. If you have disabled StatisticsReporter, please enable it in the Carbon.xml
[2014-09-23 12:45:03,206]  INFO {org.wso2.carbon.automation.core.utils.coreutils.InputStreamHandler:70} -  [2014-09-23 12:45:03,206]  INFO - RuleEngineConfigDS Successfully registered the Rule Config service
[2014-09-23 12:45:03,537]  INFO {org.wso2.carbon.automation.core.utils.coreutils.InputStreamHandler:70} -  [2014-09-23 12:45:03,537]  INFO - PassThroughHttpSSLListener Starting Pass-through HTTPS Listener...
[2014-09-23 12:45:03,550]  INFO {org.wso2.carbon.automation.core.utils.coreutils.InputStreamHandler:70} -  [2014-09-23 12:45:03,550]  INFO - PassThroughHttpSSLListener Pass-through HTTPS Listener started on 0:0:0:0:0:0:0:0:8243
[2014-09-23 12:45:03,551]  INFO {org.wso2.carbon.automation.core.utils.coreutils.InputStreamHandler:70} -  [2014-09-23 12:45:03,551]  INFO - PassThroughHttpListener Starting Pass-through HTTP Listener...
[2014-09-23 12:45:03,553]  INFO {org.wso2.carbon.automation.core.utils.coreutils.InputStreamHandler:70} -  [2014-09-23 12:45:03,553]  INFO - PassThroughHttpListener Pass-through HTTP Listener started on 0:0:0:0:0:0:0:0:8280
[2014-09-23 12:45:03,555]  INFO {org.wso2.carbon.automation.core.utils.coreutils.InputStreamHandler:70} -  [2014-09-23 12:45:03,555]  INFO - NioSelectorPool Using a shared selector for servlet write/read
[2014-09-23 12:45:03,832]  INFO {org.wso2.carbon.automation.core.utils.coreutils.InputStreamHandler:70} -  [2014-09-23 12:45:03,831]  INFO - NioSelectorPool Using a shared selector for servlet write/read
[2014-09-23 12:45:03,850]  INFO {org.wso2.carbon.automation.core.utils.coreutils.InputStreamHandler:70} -  [2014-09-23 12:45:03,850]  INFO - RegistryEventingServiceComponent Successfully Initialized Eventing on Registry
[2014-09-23 12:45:04,381]  INFO {org.wso2.carbon.automation.core.utils.coreutils.InputStreamHandler:70} -  [2014-09-23 12:45:04,381]  INFO - JMXServerManager JMX Service URL  : service:jmx:rmi://localhost:11111/jndi/rmi://localhost:9999/jmxrmi
[2014-09-23 12:45:04,382]  INFO {org.wso2.carbon.automation.core.utils.coreutils.InputStreamHandler:70} -  [2014-09-23 12:45:04,382]  INFO - StartupFinalizerServiceComponent Server           :  WSO2 Enterprise Service Bus-4.8.1
[2014-09-23 12:45:04,382]  INFO {org.wso2.carbon.automation.core.utils.coreutils.InputStreamHandler:70} -  [2014-09-23 12:45:04,382]  INFO - StartupFinalizerServiceComponent WSO2 Carbon started in 20 sec
[2014-09-23 12:45:04,713]  INFO {org.wso2.carbon.automation.core.utils.coreutils.InputStreamHandler:70} -  [2014-09-23 12:45:04,712]  INFO - CarbonUIServiceComponent Mgt Console URL  : https://10.100.5.185:9443/carbon/
[2014-09-23 12:45:04,720]  INFO {org.wso2.carbon.automation.core.utils.ClientConnectionUtil:49} -  Waiting to login to Carbon server...
[2014-09-23 12:45:04,721]  INFO {org.wso2.carbon.automation.core.utils.ClientConnectionUtil:88} -  Successfully connected to the server on port 9443
[2014-09-23 12:45:05,540]  INFO {org.wso2.carbon.automation.core.utils.coreutils.InputStreamHandler:70} -  [2014-09-23 12:45:05,540]  INFO - CarbonAuthenticationUtil 'admin@carbon.super [-1234]' logged in at [2014-09-23 12:45:05,540+0530]
[2014-09-23 12:45:05,581]  INFO {org.wso2.carbon.automation.api.clients.authenticators.AuthenticatorClient:64} -  Login Successful
[2014-09-23 12:45:05,581]  INFO {org.wso2.carbon.automation.core.utils.serverutils.ServerUtils:147} -  Server started successfully.
[2014-09-23 12:45:05,583]  INFO {org.wso2.carbon.automation.core.utils.axis2serverutils.SampleAxis2Server:66} -  Using the Axis2 repository path: /Users/inshaf/GitHub/ESBConnectors/org.wso2.carbon.connector/target/carbontmp1411456473531/wso2esb-4.8.1/samples/axis2Server/repository
[2014-09-23 12:45:05,585]  INFO {org.wso2.carbon.automation.core.utils.axis2serverutils.SampleAxis2Server:74} -  Loading axis2.xml from: /Users/inshaf/GitHub/ESBConnectors/org.wso2.carbon.connector/target/axis2.xml
[2014-09-23 12:45:05,609]  INFO {org.apache.axis2.deployment.DeploymentEngine:1095} -  No services directory was found under /Users/inshaf/GitHub/ESBConnectors/org.wso2.carbon.connector/target/carbontmp1411456473531/wso2esb-4.8.1/samples/axis2Server/repository.
[2014-09-23 12:45:05,750] ERROR {org.apache.sandesha2.SandeshaModule:98} -  Could not load module policies. Using default values.
[2014-09-23 12:45:05,862]  INFO {org.apache.synapse.transport.nhttp.HttpCoreNIOSender:223} -  HTTP Sender starting
[2014-09-23 12:45:05,871]  INFO {org.wso2.carbon.automation.core.utils.axis2serverutils.SampleAxis2Server:83} -  Starting sample Axis2 server
[2014-09-23 12:45:05,906]  INFO {org.apache.synapse.transport.nhttp.HttpCoreNIOListener:350} -  HTTP Listener started on 0:0:0:0:0:0:0:0:9000
[2014-09-23 12:45:07,907]  INFO {org.wso2.carbon.automation.core.PlatformExecutionManager:229} -  Deploying services..............
[2014-09-23 12:45:07,914]  WARN {org.apache.axis2.deployment.ServiceBuilder:343} -  Service [ DataSourceAdmin] is trying to expose in a transport : https and which is not available in Axis2
[2014-09-23 12:45:07,916] ERROR {org.wso2.carbon.automation.core.PlatformExecutionManager:193} -  Unable to start servers 
org.apache.axis2.deployment.DeploymentException: Service [DataSourceAdmin] is trying expose in tranpsorts: <transports>
            <transport>https</transport>
        </transports> and which is/are not available in Axis2
	at org.apache.axis2.deployment.DeploymentEngine.loadServiceGroup(DeploymentEngine.java:1324)
	at org.wso2.carbon.automation.core.utils.axis2serverutils.SampleAxis2Server.deployService(SampleAxis2Server.java:132)
	at org.wso2.carbon.automation.core.PlatformExecutionManager.startSimpleAxis2Server(PlatformExecutionManager.java:230)
	at org.wso2.carbon.automation.core.PlatformExecutionManager.startSevers(PlatformExecutionManager.java:190)
	at org.wso2.carbon.automation.core.PlatformExecutionManager.onExecutionStart(PlatformExecutionManager.java:76)
	at org.testng.TestNG.runExecutionListeners(TestNG.java:1032)
	at org.testng.TestNG.run(TestNG.java:983)
	at org.apache.maven.surefire.testng.TestNGExecutor.run(TestNGExecutor.java:178)
	at org.apache.maven.surefire.testng.TestNGXmlTestSuite.execute(TestNGXmlTestSuite.java:92)
	at org.apache.maven.surefire.testng.TestNGProvider.invoke(TestNGProvider.java:96)
	at sun.reflect.NativeMethodAccessorImpl.invoke0(Native Method)
	at sun.reflect.NativeMethodAccessorImpl.invoke(NativeMethodAccessorImpl.java:57)
	at sun.reflect.DelegatingMethodAccessorImpl.invoke(DelegatingMethodAccessorImpl.java:43)
	at java.lang.reflect.Method.invoke(Method.java:606)
	at org.apache.maven.surefire.util.ReflectionUtils.invokeMethodWithArray(ReflectionUtils.java:189)
	at org.apache.maven.surefire.booter.ProviderFactory$ProviderProxy.invoke(ProviderFactory.java:165)
	at org.apache.maven.surefire.booter.ProviderFactory.invokeProvider(ProviderFactory.java:85)
	at org.apache.maven.surefire.booter.ForkedBooter.runSuitesInProcess(ForkedBooter.java:115)
	at org.apache.maven.surefire.booter.ForkedBooter.main(ForkedBooter.java:75)
Caused by: org.apache.axis2.deployment.DeploymentException: Service [DataSourceAdmin] is trying expose in tranpsorts: <transports>
            <transport>https</transport>
        </transports> and which is/are not available in Axis2
	at org.apache.axis2.deployment.ServiceGroupBuilder.populateServiceGroup(ServiceGroupBuilder.java:106)
	at org.apache.axis2.deployment.repository.util.ArchiveReader.buildServiceGroup(ArchiveReader.java:109)
	at org.apache.axis2.deployment.DeploymentEngine.loadServiceGroup(DeploymentEngine.java:1317)
	... 18 more
Caused by: org.apache.axis2.deployment.DeploymentException: Service [DataSourceAdmin] is trying expose in tranpsorts: <transports>
            <transport>https</transport>
        </transports> and which is/are not available in Axis2
	at org.apache.axis2.deployment.ServiceBuilder.populateService(ServiceBuilder.java:441)
	at org.apache.axis2.deployment.ServiceGroupBuilder.populateServiceGroup(ServiceGroupBuilder.java:101)
	... 20 more
Caused by: org.apache.axis2.AxisFault: Service [DataSourceAdmin] is trying expose in tranpsorts: <transports>
            <transport>https</transport>
        </transports> and which is/are not available in Axis2
	at org.apache.axis2.deployment.ServiceBuilder.populateService(ServiceBuilder.java:353)
	... 21 more
[2014-09-23 12:45:08,069]  INFO {org.wso2.carbon.automation.core.PlatformSuiteManager:76} -  **********Starting executing test Suite ESBTestSuite on user***********
[2014-09-23 12:45:08,071]  INFO {org.wso2.carbon.automation.core.UserPopulator:61} -  Populating Users....
[2014-09-23 12:45:08,145]  INFO {org.wso2.carbon.automation.core.utils.coreutils.InputStreamHandler:70} -  [2014-09-23 12:45:08,145]  INFO - CarbonAuthenticationUtil 'admin@carbon.super [-1234]' logged in at [2014-09-23 12:45:08,145+0530]
[2014-09-23 12:45:08,150]  INFO {org.wso2.carbon.automation.api.clients.authenticators.AuthenticatorClient:64} -  Login Successful
[2014-09-23 12:45:08,241]  INFO {org.wso2.carbon.automation.core.UserPopulator:97} -  Populate user to ESB server
[2014-09-23 12:45:08,310]  INFO {org.wso2.carbon.automation.core.utils.coreutils.InputStreamHandler:70} -  [2014-09-23 12:45:08,310]  INFO - CarbonAuthenticationUtil 'admin@carbon.super [-1234]' logged in at [2014-09-23 12:45:08,310+0530]
[2014-09-23 12:45:08,313]  INFO {org.wso2.carbon.automation.api.clients.authenticators.AuthenticatorClient:64} -  Login Successful
[2014-09-23 12:45:08,727]  INFO {org.wso2.carbon.automation.core.UserPopulator:231} -  Role testRole was created successfully
[2014-09-23 12:45:08,761]  INFO {org.wso2.carbon.automation.core.UserPopulator:124} -  User adminuser was created successfully
[2014-09-23 12:45:08,784]  INFO {org.wso2.carbon.automation.core.UserPopulator:124} -  User testuser2 was created successfully
[2014-09-23 12:45:08,805]  INFO {org.wso2.carbon.automation.core.UserPopulator:124} -  User testuser3 was created successfully
[2014-09-23 12:45:08,826]  INFO {org.wso2.carbon.automation.core.UserPopulator:124} -  User testuser4 was created successfully
[2014-09-23 12:45:08,850]  INFO {org.wso2.carbon.automation.core.UserPopulator:124} -  User testuser5 was created successfully
[2014-09-23 12:45:08,877]  INFO {org.wso2.carbon.automation.core.UserPopulator:124} -  User testuser6 was created successfully
[2014-09-23 12:45:08,903]  INFO {org.wso2.carbon.automation.core.UserPopulator:124} -  User testuser7 was created successfully
[2014-09-23 12:45:08,927]  INFO {org.wso2.carbon.automation.core.UserPopulator:124} -  User testuser8 was created successfully
[2014-09-23 12:45:08,954]  INFO {org.wso2.carbon.automation.core.UserPopulator:124} -  User testuser9 was created successfully
[2014-09-23 12:45:08,997]  INFO {org.wso2.carbon.automation.core.UserPopulator:124} -  User testuser10 was created successfully
[2014-09-23 12:45:09,034]  INFO {org.wso2.carbon.automation.core.UserPopulator:124} -  User testuser11 was created successfully
[2014-09-23 12:45:09,067]  INFO {org.wso2.carbon.automation.core.UserPopulator:124} -  User testuser12 was created successfully
[2014-09-23 12:45:09,105]  INFO {org.wso2.carbon.automation.core.UserPopulator:124} -  User testuser13 was created successfully
[2014-09-23 12:45:09,140]  INFO {org.wso2.carbon.automation.core.UserPopulator:124} -  User testuser14 was created successfully
[2014-09-23 12:45:09,187]  INFO {org.wso2.carbon.automation.core.UserPopulator:124} -  User testuser15 was created successfully
[2014-09-23 12:45:09,188]  INFO {org.wso2.carbon.automation.core.PlatformTestManager:102} -  --------------Start executing test class Meetup-Connector-Test on suiteESBTestSuite--------
[2014-09-23 12:45:09,291]  INFO {org.wso2.carbon.automation.core.utils.coreutils.InputStreamHandler:70} -  [2014-09-23 12:45:09,290]  INFO - CarbonAuthenticationUtil 'testuser2@carbon.super [-1234]' logged in at [2014-09-23 12:45:09,290+0530]
[2014-09-23 12:45:09,293]  INFO {org.wso2.carbon.automation.api.clients.authenticators.AuthenticatorClient:64} -  Login Successful
[2014-09-23 12:45:09,308]  INFO {org.apache.axis2.deployment.DeploymentEngine:1095} -  No services directory was found under /Users/inshaf/GitHub/ESBConnectors/org.wso2.carbon.connector/src/test/resources/client.
[2014-09-23 12:45:09,476]  INFO {org.wso2.carbon.automation.core.utils.coreutils.InputStreamHandler:70} -  [2014-09-23 12:45:09,476]  INFO - CarbonAuthenticationUtil 'admin@carbon.super [-1234]' logged in at [2014-09-23 12:45:09,476+0530]
[2014-09-23 12:45:09,505]  INFO {org.wso2.carbon.connector.integration.test.meetup.events.EventsIntegrationTest:84} -  Sleeping for 15 seconds while waiting for synapse import
[2014-09-23 12:45:15,640]  INFO {org.wso2.carbon.automation.core.utils.coreutils.InputStreamHandler:70} -  [2014-09-23 12:45:15,640]  INFO - LibraryArtifactDeployer Synapse Library named '{org.wso2.carbon.connector}meetup' has been deployed from file : /Users/inshaf/GitHub/ESBConnectors/org.wso2.carbon.connector/target/carbontmp1411456473531/wso2esb-4.8.1/repository/deployment/server/synapse-libs/meetup.zip
[2014-09-23 12:45:24,514]  INFO {org.wso2.carbon.automation.core.utils.coreutils.InputStreamHandler:70} -  [2014-09-23 12:45:24,514]  INFO - SynapseImportFactory Successfully created Synapse Import: meetup
[2014-09-23 12:45:25,192]  INFO {org.wso2.carbon.automation.core.PlatformTestManager:46} -  Running the test method --- org.wso2.carbon.connector.integration.test.meetup.events.EventsIntegrationTest.testPostEventsByIDWithOptionalParameters ----
[2014-09-23 12:45:25,250]  INFO {org.wso2.carbon.automation.core.utils.coreutils.InputStreamHandler:70} -  [2014-09-23 12:45:25,249]  INFO - ProxyService Building Axis service for Proxy service : events_post_events_by_id
[2014-09-23 12:45:25,251]  INFO {org.wso2.carbon.automation.core.utils.coreutils.InputStreamHandler:70} -  [2014-09-23 12:45:25,251]  INFO - ProxyService Adding service events_post_events_by_id to the Axis2 configuration
[2014-09-23 12:45:25,259]  INFO {org.wso2.carbon.automation.core.utils.coreutils.InputStreamHandler:70} -  [2014-09-23 12:45:25,259]  INFO - DeploymentInterceptor Deploying Axis2 service: events_post_events_by_id {super-tenant}
[2014-09-23 12:45:25,303]  INFO {org.wso2.carbon.automation.core.utils.coreutils.InputStreamHandler:70} -  [2014-09-23 12:45:25,302]  INFO - ProxyService Successfully created the Axis2 service for Proxy service : events_post_events_by_id
[2014-09-23 12:45:25,314]  INFO {org.wso2.carbon.automation.api.clients.proxy.admin.ProxyServiceAdminClient:131} -  Proxy Added
[2014-09-23 12:45:25,382]  INFO {org.wso2.carbon.automation.core.utils.coreutils.InputStreamHandler:70} -  [2014-09-23 12:45:25,382] ERROR - SynapseJsonPath #stringValueOf. Error evaluating JSON Path <$.announce>. Returning empty result. Error>>> invalid path
[2014-09-23 12:45:25,385]  INFO {org.wso2.carbon.automation.core.utils.coreutils.InputStreamHandler:70} -  [2014-09-23 12:45:25,385] ERROR - SynapseJsonPath #stringValueOf. Error evaluating JSON Path <$.host_instructions>. Returning empty result. Error>>> invalid path
[2014-09-23 12:45:25,386]  INFO {org.wso2.carbon.automation.core.utils.coreutils.InputStreamHandler:70} -  [2014-09-23 12:45:25,386] ERROR - SynapseJsonPath #stringValueOf. Error evaluating JSON Path <$.hosts>. Returning empty result. Error>>> invalid path
[2014-09-23 12:45:25,386]  INFO {org.wso2.carbon.automation.core.utils.coreutils.InputStreamHandler:70} -  [2014-09-23 12:45:25,386] ERROR - SynapseJsonPath #stringValueOf. Error evaluating JSON Path <$.how_to_find_us>. Returning empty result. Error>>> invalid path
[2014-09-23 12:45:25,387]  INFO {org.wso2.carbon.automation.core.utils.coreutils.InputStreamHandler:70} -  [2014-09-23 12:45:25,387] ERROR - SynapseJsonPath #stringValueOf. Error evaluating JSON Path <$.publish_status>. Returning empty result. Error>>> invalid path
[2014-09-23 12:45:25,387]  INFO {org.wso2.carbon.automation.core.utils.coreutils.InputStreamHandler:70} -  [2014-09-23 12:45:25,387] ERROR - SynapseJsonPath #stringValueOf. Error evaluating JSON Path <$.rsvp_alerts>. Returning empty result. Error>>> invalid path
[2014-09-23 12:45:25,388]  INFO {org.wso2.carbon.automation.core.utils.coreutils.InputStreamHandler:70} -  [2014-09-23 12:45:25,388] ERROR - SynapseJsonPath #stringValueOf. Error evaluating JSON Path <$.rsvp_close>. Returning empty result. Error>>> invalid path
[2014-09-23 12:45:25,388]  INFO {org.wso2.carbon.automation.core.utils.coreutils.InputStreamHandler:70} -  [2014-09-23 12:45:25,388] ERROR - SynapseJsonPath #stringValueOf. Error evaluating JSON Path <$.rsvp_limit>. Returning empty result. Error>>> invalid path
[2014-09-23 12:45:25,389]  INFO {org.wso2.carbon.automation.core.utils.coreutils.InputStreamHandler:70} -  [2014-09-23 12:45:25,389] ERROR - SynapseJsonPath #stringValueOf. Error evaluating JSON Path <$.rsvp_open>. Returning empty result. Error>>> invalid path
[2014-09-23 12:45:25,389]  INFO {org.wso2.carbon.automation.core.utils.coreutils.InputStreamHandler:70} -  [2014-09-23 12:45:25,389] ERROR - SynapseJsonPath #stringValueOf. Error evaluating JSON Path <$.simple_html_description>. Returning empty result. Error>>> invalid path
[2014-09-23 12:45:25,390]  INFO {org.wso2.carbon.automation.core.utils.coreutils.InputStreamHandler:70} -  [2014-09-23 12:45:25,390] ERROR - SynapseJsonPath #stringValueOf. Error evaluating JSON Path <$.time>. Returning empty result. Error>>> invalid path
[2014-09-23 12:45:25,390]  INFO {org.wso2.carbon.automation.core.utils.coreutils.InputStreamHandler:70} -  [2014-09-23 12:45:25,390] ERROR - SynapseJsonPath #stringValueOf. Error evaluating JSON Path <$.venue_id>. Returning empty result. Error>>> invalid path
[2014-09-23 12:45:25,391]  INFO {org.wso2.carbon.automation.core.utils.coreutils.InputStreamHandler:70} -  [2014-09-23 12:45:25,391] ERROR - SynapseJsonPath #stringValueOf. Error evaluating JSON Path <$.venue_visibility>. Returning empty result. Error>>> invalid path
[2014-09-23 12:45:25,391]  INFO {org.wso2.carbon.automation.core.utils.coreutils.InputStreamHandler:70} -  [2014-09-23 12:45:25,391] ERROR - SynapseJsonPath #stringValueOf. Error evaluating JSON Path <$.waitlisting>. Returning empty result. Error>>> invalid path
[2014-09-23 12:45:25,392]  INFO {org.wso2.carbon.automation.core.utils.coreutils.InputStreamHandler:70} -  [2014-09-23 12:45:25,392] ERROR - SynapseJsonPath #stringValueOf. Error evaluating JSON Path <$.why>. Returning empty result. Error>>> invalid path
[2014-09-23 12:45:25,401]  INFO {org.wso2.carbon.automation.core.utils.coreutils.InputStreamHandler:70} -  [2014-09-23 12:45:25,401]  INFO - LogMediator string = key - 6b7a263772421320384d4b483b7b2f31
[2014-09-23 12:45:25,402]  INFO {org.wso2.carbon.automation.core.utils.coreutils.InputStreamHandler:70} -  [2014-09-23 12:45:25,402]  INFO - LogMediator string = group_id - 17021192
[2014-09-23 12:45:25,402]  INFO {org.wso2.carbon.automation.core.utils.coreutils.InputStreamHandler:70} -  [2014-09-23 12:45:25,402]  INFO - LogMediator string = event_id - 208950512
[2014-09-23 12:45:25,402]  INFO {org.wso2.carbon.automation.core.utils.coreutils.InputStreamHandler:70} -  [2014-09-23 12:45:25,402]  INFO - LogMediator string = name - JAVAEE, SE, ME Edited
[2014-09-23 12:45:25,409]  INFO {org.wso2.carbon.automation.core.utils.coreutils.InputStreamHandler:70} -  [2014-09-23 12:45:25,409]  INFO - TimeoutHandler This engine will expire all callbacks after : 120 seconds, irrespective of the timeout action, after the specified or optional timeout
[2014-09-23 12:45:26,768]  INFO {org.wso2.carbon.automation.core.utils.coreutils.InputStreamHandler:70} -  [2014-09-23 12:45:26,768]  INFO - DeploymentInterceptor Removing Axis2 Service: events_post_events_by_id {super-tenant}
[2014-09-23 12:45:26,787]  INFO {org.wso2.carbon.automation.api.clients.proxy.admin.ProxyServiceAdminClient:162} -  Proxy Deleted
[2014-09-23 12:45:26,787]  INFO {org.wso2.carbon.automation.core.PlatformTestManager:58} -  On test success..
[2014-09-23 12:45:26,795]  INFO {org.wso2.carbon.automation.core.PlatformTestManager:129} -  --------------Finishing executing test class Meetup-Connector-Test on suiteESBTestSuite--------
[2014-09-23 12:45:26,799]  INFO {org.wso2.carbon.automation.core.PlatformSuiteManager:134} -  ***********Finishing executing test Suite ESBTestSuite on user*******
[2014-09-23 12:45:26,799]  INFO {org.wso2.carbon.automation.core.PlatformExecutionManager:176} -  ---------------Test Execution Finished --------------------------
[2014-09-23 12:45:26,800]  INFO {org.wso2.carbon.automation.core.utils.ClientConnectionUtil:139} -  Successfully connected to the server on port 9443
[2014-09-23 12:45:26,800]  INFO {org.wso2.carbon.automation.core.utils.serverutils.ServerUtils:218} -  Shutting down the server running on : https://localhost:9443/services/
[2014-09-23 12:45:26,860]  INFO {org.wso2.carbon.automation.core.utils.coreutils.InputStreamHandler:70} -  [2014-09-23 12:45:26,860]  INFO - CarbonAuthenticationUtil 'admin@carbon.super [-1234]' logged in at [2014-09-23 12:45:26,859+0530]
[2014-09-23 12:45:27,863]  INFO {org.wso2.carbon.automation.core.utils.coreutils.InputStreamHandler:70} -  [2014-09-23 12:45:27,862]  INFO - CarbonServerManager Shutting down WSO2 Enterprise Service Bus...
[2014-09-23 12:45:28,864]  INFO {org.wso2.carbon.automation.core.utils.coreutils.InputStreamHandler:70} -  [2014-09-23 12:45:28,863]  INFO - CarbonServerManager Shutting down OSGi framework...
[2014-09-23 12:45:28,928]  INFO {org.wso2.carbon.automation.core.utils.coreutils.InputStreamHandler:70} -  [2014-09-23 12:45:28,928]  INFO - SynapseTaskManager Shutting down the task manager
[2014-09-23 12:45:31,170]  INFO {org.wso2.carbon.automation.core.utils.coreutils.InputStreamHandler:70} -  [2014-09-23 12:45:31,170]  INFO - CarbonServerManager Stopping CarbonServerManager...
[2014-09-23 12:45:31,172]  INFO {org.wso2.carbon.automation.core.utils.coreutils.InputStreamHandler:70} -  [2014-09-23 12:45:31,172]  INFO - PassThroughHttpSSLListener Stopping Pass-through HTTPS Listener..
[2014-09-23 12:45:31,174]  INFO {org.wso2.carbon.automation.core.utils.coreutils.InputStreamHandler:70} -  [2014-09-23 12:45:31,174]  INFO - PassThroughHttpListener Stopping Pass-through HTTP Listener..
[2014-09-23 12:45:31,174]  INFO {org.wso2.carbon.automation.core.utils.coreutils.InputStreamHandler:70} -  [2014-09-23 12:45:31,174]  INFO - PassThroughHttpSSLListener HTTPS Listener shutdown.
[2014-09-23 12:45:31,174]  INFO {org.wso2.carbon.automation.core.utils.coreutils.InputStreamHandler:70} -  [2014-09-23 12:45:31,174]  INFO - PassThroughHttpListener HTTP Listener shutdown.
[2014-09-23 12:45:31,175]  INFO {org.wso2.carbon.automation.core.utils.coreutils.InputStreamHandler:70} -  [2014-09-23 12:45:31,175]  INFO - PassThroughHttpSSLSender HTTPS Sender shutdown
[2014-09-23 12:45:31,175]  INFO {org.wso2.carbon.automation.core.utils.coreutils.InputStreamHandler:70} -  [2014-09-23 12:45:31,175]  INFO - PassThroughHttpSender HTTP Sender shutdown
[2014-09-23 12:45:31,175]  INFO {org.wso2.carbon.automation.core.utils.coreutils.InputStreamHandler:70} -  [2014-09-23 12:45:31,175]  INFO - PassThroughHttpSSLListener Destroying PassThroughHttpListener
[2014-09-23 12:45:31,176]  INFO {org.wso2.carbon.automation.core.utils.coreutils.InputStreamHandler:70} -  [2014-09-23 12:45:31,176]  INFO - PassThroughHttpListener Destroying PassThroughHttpListener
[2014-09-23 12:45:31,395]  INFO {org.wso2.carbon.automation.core.utils.coreutils.InputStreamHandler:70} -  [2014-09-23 12:45:31,395]  INFO - CarbonTomcatServiceComponent Stopping the carbon web-app registered under : /
[2014-09-23 12:45:31,622]  INFO {org.wso2.carbon.automation.core.utils.coreutils.InputStreamHandler:70} -  [2014-09-23 12:45:31,622]  INFO - CarbonServerManager Shutdown complete
[2014-09-23 12:45:31,622]  INFO {org.wso2.carbon.automation.core.utils.coreutils.InputStreamHandler:70} -  [2014-09-23 12:45:31,622]  INFO - CarbonServerManager Halting JVM
[2014-09-23 12:45:31,622]  INFO {org.wso2.carbon.automation.core.utils.serverutils.ServerUtils:196} -  Server stopped successfully...
[2014-09-23 12:45:31,623]  INFO {org.wso2.carbon.automation.core.utils.coreutils.CodeCoverageUtils:249} -  Generating code coverage report ...
[2014-09-23 12:45:46,950]  INFO {org.wso2.carbon.automation.core.utils.coreutils.CodeCoverageUtils:286} -  Including Coverage EC file -/Users/inshaf/GitHub/ESBConnectors/org.wso2.carbon.connector/target/carbontmp1411456473531/wso2esb-4.8.1/coverage.ec
[2014-09-23 12:45:46,950]  INFO {org.wso2.carbon.automation.core.utils.coreutils.CodeCoverageUtils:293} -  Including coverage EM file -/Users/inshaf/GitHub/ESBConnectors/org.wso2.carbon.connector/target/coverage.em
[2014-09-23 12:45:47,908]  INFO {org.wso2.carbon.automation.core.utils.coreutils.CodeCoverageUtils:302} -  Emma report generation completed
[2014-09-23 12:45:47,909]  INFO {org.wso2.carbon.automation.core.utils.axis2serverutils.SampleAxis2Server:96} -  Stopping sample Axis2 server
[2014-09-23 12:45:47,910]  INFO {org.apache.synapse.transport.nhttp.HttpCoreNIOListener:301} -  HTTP Listener Shutdown
[2014-09-23 12:45:47,911]  INFO {org.apache.synapse.transport.nhttp.HttpCoreNIOSender:219} -  HTTP Sender Shutdown
[2014-09-23 12:45:47,936]  INFO {org.wso2.carbon.automation.core.PlatformReportManager:44} -  ----/Users/inshaf/GitHub/ESBConnectors/org.wso2.carbon.connector/target/surefire-reports/ESBTestSuite---------
[2014-09-23 12:45:47,945]  INFO {org.wso2.carbon.automation.core.utils.serverutils.ServerUtils:125} -  Shutting down server..
